




<!DOCTYPE html>
<html>
<head>
	<meta charset='UTF-8' /> 
	<meta name='description' content='' />
	<meta name='robots' content='noodp, noydir' />
	<meta name='viewport' content='width=device-width, initial-scale=1' />
	<meta id="timeStampFormat" name="timeStampFormat" content='MMM d, yyyy hh:mm:ss a'/>
	
        <link href='http://fonts.googleapis.com/css?family=Source+Sans+Pro:400,600' rel='stylesheet' type='text/css' />
        <link href="http://fonts.googleapis.com/icon?family=Material+Icons" rel="stylesheet" />
        <link href='http://cdn.jsdelivr.net/gh/extent-framework/extent-github-cdn@ff53917fbbdb5ef820abbbe4d199a6942dc771ff/v3html/css/extent.css' type='text/css' rel='stylesheet' />
	
	<title></title>

	<style type='text/css'>
		/* json-tree */
		.jstBracket,.jstComma,.jstValue{white-space:pre-wrap}.jstValue{font-size:10px;font-weight:400;font-family:"Lucida Console",Monaco,monospace}.jstProperty{color:#666;word-wrap:break-word}.jstBool{color:#2525CC}.jstNum{color:#D036D0}.jstNull{color:gray}.jstStr{color:#2DB669}.jstFold:after{content:' -';cursor:pointer}.jstExpand{white-space:normal}.jstExpand:after{content:' +';cursor:pointer}.jstFolded{white-space:normal!important}.jstHiddenBlock{display:none}
			
	</style>
	
	<script type="text/javascript">
		/*! json-tree - v0.2.2 - 2017-09-25, MIT LICENSE */
		var JSONTree=function(){var n={"&":"&amp;","<":"&lt;",">":"&gt;",'"':"&quot;","'":"&#x27;","/":"&#x2F;"},t=0,r=0;this.create=function(n,t){return r+=1,N(u(n,0,!1),{class:"jstValue"})};var e=function(t){return t.replace(/[&<>'"]/g,function(t){return n[t]})},s=function(){return r+"_"+t++},u=function(n,t,r){if(null===n)return f(r?t:0);switch(typeof n){case"boolean":return l(n,r?t:0);case"number":return i(n,r?t:0);case"string":return o(n,r?t:0);default:return n instanceof Array?a(n,t,r):c(n,t,r)}},c=function(n,t,r){var e=s(),u=Object.keys(n).map(function(r){return j(r,n[r],t+1,!0)}).join(m()),c=[g("{",r?t:0,e),N(u,{id:e}),p("}",t)].join("\n");return N(c,{})},a=function(n,t,r){var e=s(),c=n.map(function(n){return u(n,t+1,!0)}).join(m());return[g("[",r?t:0,e),N(c,{id:e}),p("]",t)].join("\n")},o=function(n,t){var r=e(JSON.stringify(n));return N(v(r,t),{class:"jstStr"})},i=function(n,t){return N(v(n,t),{class:"jstNum"})},l=function(n,t){return N(v(n,t),{class:"jstBool"})},f=function(n){return N(v("null",n),{class:"jstNull"})},j=function(n,t,r){var s=v(e(JSON.stringify(n))+": ",r),c=N(u(t,r,!1),{});return N(s+c,{class:"jstProperty"})},m=function(){return N(",\n",{class:"jstComma"})},N=function(n,t){return d("span",t,n)},d=function(n,t,r){return"<"+n+Object.keys(t).map(function(n){return" "+n+'="'+t[n]+'"'}).join("")+">"+r+"</"+n+">"},g=function(n,t,r){return N(v(n,t),{class:"jstBracket"})+N("",{class:"jstFold",onclick:"JSONTree.toggle('"+r+"')"})};this.toggle=function(n){var t=document.getElementById(n),r=t.parentNode,e=t.previousElementSibling;""===t.className?(t.className="jstHiddenBlock",r.className="jstFolded",e.className="jstExpand"):(t.className="",r.className="",e.className="jstFold")};var p=function(n,t){return N(v(n,t),{})},v=function(n,t){return Array(2*t+1).join(" ")+n};return this}();
	</script>
</head>
	<body class='extent standard default hide-overflow bdd-report'>
		<div id='theme-selector' alt='Click to toggle theme. To enable by default, use theme configuration.' title='Click to toggle theme. To enable by default, use theme configuration.'>
			<span><i class='material-icons'>desktop_windows</i></span>
		</div>
<nav>
	<div class="nav-wrapper">
        <a href="#!" class="brand-logo black"><img src="http://cdn.jsdelivr.net/gh/extent-framework/extent-github-cdn@ff53917fbbdb5ef820abbbe4d199a6942dc771ff/commons/img/logo.png"></a>
		<!-- slideout menu -->
		<ul id='slide-out' class='side-nav fixed hide-on-med-and-down'>
			<li class='waves-effect active'><a href='#!' view='test-view' onclick="configureView(0);chartsView('test');"><i class='material-icons'>dashboard</i></a></li>
			<li class='waves-effect'><a href='#!' view='exception-view' onclick="configureView(2)"><i class='material-icons'>bug_report</i></a></li>
			<li class='waves-effect'><a href='#!' onclick="configureView(-1);chartsView('dashboard');" view='dashboard-view'><i class='material-icons'>track_changes</i></a></li>
		</ul>
		<!-- report name -->
		<span class='report-name'></span>
		<!-- report headline -->
		<span class='report-headline'></span>
		<!-- nav-right -->
		<ul id='nav-mobile' class='right hide-on-med-and-down nav-right'>
			<a href='#!'>
			<span class='label blue darken-3 suite-start-time'>Mar 22, 2024 03:15:07 pm</span>
			</a>
		</ul>
	</div>
</nav>		<!-- container -->
		<div class='container'>
<div id='test-view' class='view'>
	<section id='controls'>
		<div class='controls grey lighten-4'>
			<!-- test toggle -->
			<div class='chip transparent'>
				<a class='dropdown-button tests-toggle' data-activates='tests-toggle' data-constrainwidth='true' data-beloworigin='true' data-hover='true' href='#'>
				<i class='material-icons'>warning</i> Status
				</a>
				<ul id='tests-toggle' class='dropdown-content'>
										<li status='pass'><a href='#!'>Pass <i class='material-icons green-text'>check_circle</i></a></li>
					<li status='fail'><a href='#!'>Fail <i class='material-icons red-text'>cancel</i></a></li>
					<li class='divider'></li>
					<li status='clear' clear='true'><a href='#!'>Clear Filters <i class='material-icons'>clear</i></a></li>
				</ul>
			</div>
			<!-- test toggle -->
			<!-- category toggle -->
			<!-- category toggle -->
			<!-- clear filters -->
			<div class='chip transparent hide'>
				<a class='' id='clear-filters' alt='Clear Filters' title='Clear Filters'>
				<i class='material-icons'>close</i> Clear
				</a>
			</div>
			<!-- clear filters -->
			<!-- enable dashboard -->
			<div id='toggle-test-view-charts' class='chip transparent'>
				<a class='pink-text' id='enable-dashboard' alt='Enable Dashboard' title='Enable Dashboard'>
				<i class='material-icons'>track_changes</i> Dashboard
				</a>
			</div>
			<!-- enable dashboard -->
			<!-- search -->
			<div class='chip transparent' alt='Search Tests' title='Search Tests'>
				<a href="#" class='search-div'>
				<i class='material-icons'>search</i> Search
				</a>
				<div class='input-field left hide'>
					<input id='search-tests' type='text' class='validate browser-default' placeholder='Search Tests...'>
				</div>
			</div>
			<!-- search -->
		</div>
	</section>

<div id='test-view-charts' class='subview-full'>
    <div id='charts-row' class='row nm-v nm-h'>
        <div class='col s12 m4 l4 np-h'>
            <div class='card-panel nm-v'>
                <div class='left panel-name'>Features</div>
                <div class='chart-box' style="max-height:94px;">
                    <canvas id='parent-analysis' width='90' height='70'></canvas>
                </div>
                <div class='block text-small'>
                    <span class='tooltipped' data-position='top' data-tooltip='$62%'>
                    <span class='strong'>5</span> features passed</span>
                </div>
                <div class='block text-small'>
                    <span class='strong tooltipped' data-position='top' data-tooltip='37%'>
                    3</span> features failed, 
                    <span class='strong tooltipped' data-position='top' data-tooltip='0%'>
                    0</span> skipped
                </div>
            </div>
        </div>
        <div class='col s12 m4 l4 np-h'>
            <div class='card-panel nm-v'>
                <div class='left panel-name'>Scenarios</div>
                <div class='chart-box' style="max-height:94px;">
                    <canvas id='child-analysis' width='90' height='70'></canvas>
                </div>
                <div class='block text-small'>
                    <span class='tooltipped' data-position='top' data-tooltip='56%'>
                    <span class='strong'>9</span> scenarios passed</span>
                </div>
                <div class='block text-small'>
                    <span class='strong tooltipped' data-position='top' data-tooltip='43%'>
                    7</span> scenarios failed, 
                    <span class='strong tooltipped' data-position='top' data-tooltip='0%'>
                    0</span> skipped, 
                    <span class='strong tooltipped' data-position='top' data-tooltip='0%'>
                    0</span> others
                </div>
            </div>
        </div>
        <div class='col s12 m4 l4 np-h'>
            <div class='card-panel nm-v'>
                <div class='left panel-name'>Steps</div>
                <div class='chart-box' style="max-height:94px;">
                    <canvas id='grandchild-analysis' width='90' height='70'></canvas>
                </div>
                <div class='block text-small'>
                    <span class='tooltipped' data-position='top' data-tooltip='82%'>
                    <span class='strong'>70</span> steps passed</span>
                </div>
                <div class='block text-small'>
                    <span class='strong tooltipped' data-position='top' data-tooltip='8%'>
                    7</span> steps failed, 
                    <span class='strong tooltipped' data-position='top' data-tooltip='9%'>
                    8</span> skipped, 
                    <span class='strong tooltipped' data-position='top' data-tooltip='0%'>
                    0</span> others
                </div>
            </div>
        </div>
    </div>
    <div id="timeline-chart" class="row nm-v nm-h">
        <div class="col s12 m12 l12 np-h">
            <div class="card-panel">
                <div class='left panel-name'>Timeline (seconds)</div>
                <div class="chart-box" style="width:98%;max-height:145px;">
                    <canvas id="timeline" height="120"></canvas>
                </div>
            </div>
        </div>
    </div>
</div>	
	<div class='subview-left left'>
		<div class='view-summary'>
			<ul id='test-collection' class='test-collection'>
				<li class='test displayed active has-leaf pass' status='pass' bdd='true' test-id='2'>
					<div class='test-heading'>
						<span class='test-name'>Testing dbankdemo Deposit into Account feature</span>
						<span class='test-time'>Mar 22, 2024 03:15:08 pm</span>
						<span class='test-status right pass'>Pass</span>
					</div>
					<div class='test-content hide'>
<div class="sr-filters bdd-filters">
	<a class="btn-floating waves-effect waves-light pass green" title="pass"><i class='material-icons'>check_circle</i></a>
	<a class="btn-floating waves-effect waves-light fail red" title="fail"><i class='material-icons'>cancel</i></a>
	<a class="btn-floating waves-effect waves-light skip blue" title="skip"><i class='material-icons'>redo</i></a>
	<a class="btn-floating waves-effect waves-light clear grey" title="clear"><i class='material-icons'>clear</i></a>
</div>

<div class='scenario node' test-id='3' status='pass'>

	<span class='duration right label'>00 00 28.763</span>
	<div class="bdd-test">
		<div class="scenario-name"><span class='status pass' title='Pass'><i class='material-icons'>check_circle</i></span> Scenario: Testing Deposit into Account</div>
	</div>
	
	
	
	<ul class='steps'>
		<li test-id='5' class='node given Pass' status='Pass'>
			<div class="step-name" title="(steps.DepositStep.user_is_on_deposit_page())"><span class='status pass' title='Pass'><i class='material-icons'>check_circle</i></span>Given User is on Deposit page</div>


		</li>
		<li test-id='7' class='node when Pass' status='Pass'>
			<div class="step-name" title="(steps.DepositStep.validating_reset_button())"><span class='status pass' title='Pass'><i class='material-icons'>check_circle</i></span>When Validating Reset button</div>


		</li>
		<li test-id='8' class='node then Pass' status='Pass'>
			<div class="step-name" title="(steps.DepositStep.validating_submit_button_with_no_data())"><span class='status pass' title='Pass'><i class='material-icons'>check_circle</i></span>Then Validating Submit button with no data</div>


		</li>
		<li test-id='9' class='node and Pass' status='Pass'>
			<div class="step-name" title="(steps.DepositStep.validating_submit_button_with_amount_field_as_zero())"><span class='status pass' title='Pass'><i class='material-icons'>check_circle</i></span>And Validating Submit button with Amount field as zero</div>


		</li>
		<li test-id='10' class='node then Pass' status='Pass'>
			<div class="step-name" title="(steps.DepositStep.validating_succesful_deposit_transaction_with_valid_credentials())"><span class='status pass' title='Pass'><i class='material-icons'>check_circle</i></span>Then Validating succesful deposit transaction with valid credentials</div>


		</li>
	</ul>
</div>
					</div>
				</li>
				<li class='test displayed active has-leaf fail' status='fail' bdd='true' test-id='12'>
					<div class='test-heading'>
						<span class='test-name'>Testing dbankdemo Visa Page</span>
						<span class='test-time'>Mar 22, 2024 03:15:37 pm</span>
						<span class='test-status right fail'>Fail</span>
					</div>
					<div class='test-content hide'>
<div class="sr-filters bdd-filters">
	<a class="btn-floating waves-effect waves-light pass green" title="pass"><i class='material-icons'>check_circle</i></a>
	<a class="btn-floating waves-effect waves-light fail red" title="fail"><i class='material-icons'>cancel</i></a>
	<a class="btn-floating waves-effect waves-light skip blue" title="skip"><i class='material-icons'>redo</i></a>
	<a class="btn-floating waves-effect waves-light clear grey" title="clear"><i class='material-icons'>clear</i></a>
</div>

<div class='scenario outline node' test-id='13' status='fail'>

	<span class='duration right label'>00 00 55.402</span>
	<div class="bdd-test">
		<div class="scenario-name"><span class='status fail' title='Fail'><i class='material-icons'>cancel</i></span> Scenario Outline: User Should open dbankdemo Visa Trasfer</div>
	</div>
	
		<div class='node-desc'><br><br><table class='markup-table table '><tr><td>Amount</td></tr><tr><td>2500</td></tr></table></div>
	
	
	<ul class='steps'>
		<li test-id='14' class='node scenario Fail' status='Fail'>
			<div class="step-name" title="()"><span class='status fail' title='Fail'><i class='material-icons'>cancel</i></span>User Should open dbankdemo Visa Trasfer</div>


			<ul class='gc steps'>
				<li test-id='16' class='gc given Pass' status='Pass'>
					<h6 class="step-name" title="steps.VisaStepDefs.user_navigate_to_the_url()"><span class='status pass' title='Pass'><i class='material-icons'>check_circle</i></span>Given User Navigate to the URL</h6>

				</li>
				<li test-id='17' class='gc when Pass' status='Pass'>
					<h6 class="step-name" title="steps.VisaStepDefs.user_click_on_the_visa_transfer()"><span class='status pass' title='Pass'><i class='material-icons'>check_circle</i></span>When User click on the Visa Transfer</h6>

				</li>
				<li test-id='18' class='gc then Fail' status='Fail'>
					<h6 class="step-name" title="steps.VisaStepDefs.user_choose_the_visa_account_number()"><span class='status fail' title='Fail'><i class='material-icons'>cancel</i></span>Then User choose the Visa Account Number</h6>

							<textarea disabled class="code-block">org.openqa.selenium.NoSuchElementException: no such element: Unable to locate element: {"method":"xpath","selector":"//select[@id='extAccount']"}
  (Session info: chrome=123.0.6312.58)
For documentation on this error, please visit: https://www.selenium.dev/documentation/webdriver/troubleshooting/errors#no-such-element-exception
Build info: version: '4.16.0', revision: '15400459dd*'
System info: os.name: 'Windows 11', os.arch: 'amd64', os.version: '10.0', java.version: '21.0.2'
Driver info: org.openqa.selenium.chrome.ChromeDriver
Command: [eff033aa7077c6a29300cd0b97c1e33f, findElement {using=xpath, value=//select[@id='extAccount']}]
Capabilities {acceptInsecureCerts: false, browserName: chrome, browserVersion: 123.0.6312.58, chrome: {chromedriverVersion: 123.0.6312.58 (6b4b19e9dfbb..., userDataDir: C:\Users\91939\AppData\Loca...}, fedcm:accounts: true, goog:chromeOptions: {debuggerAddress: localhost:62371}, networkConnectionEnabled: false, pageLoadStrategy: normal, platformName: windows, proxy: Proxy(), se:cdp: ws://localhost:62371/devtoo..., se:cdpVersion: 123.0.6312.58, setWindowRect: true, strictFileInteractability: false, timeouts: {implicit: 0, pageLoad: 300000, script: 30000}, unhandledPromptBehavior: dismiss and notify, webauthn:extension:credBlob: true, webauthn:extension:largeBlob: true, webauthn:extension:minPinLength: true, webauthn:extension:prf: true, webauthn:virtualAuthenticators: true}
Session ID: eff033aa7077c6a29300cd0b97c1e33f
	at java.base/jdk.internal.reflect.DirectConstructorHandleAccessor.newInstance(DirectConstructorHandleAccessor.java:62)
	at java.base/java.lang.reflect.Constructor.newInstanceWithCaller(Constructor.java:502)
	at java.base/java.lang.reflect.Constructor.newInstance(Constructor.java:486)
	at org.openqa.selenium.remote.codec.w3c.W3CHttpResponseCodec.createException(W3CHttpResponseCodec.java:200)
	at org.openqa.selenium.remote.codec.w3c.W3CHttpResponseCodec.decode(W3CHttpResponseCodec.java:133)
	at org.openqa.selenium.remote.codec.w3c.W3CHttpResponseCodec.decode(W3CHttpResponseCodec.java:52)
	at org.openqa.selenium.remote.HttpCommandExecutor.execute(HttpCommandExecutor.java:191)
	at org.openqa.selenium.remote.service.DriverCommandExecutor.invokeExecute(DriverCommandExecutor.java:200)
	at org.openqa.selenium.remote.service.DriverCommandExecutor.execute(DriverCommandExecutor.java:175)
	at org.openqa.selenium.remote.RemoteWebDriver.execute(RemoteWebDriver.java:523)
	at org.openqa.selenium.remote.ElementLocation$ElementFinder$2.findElement(ElementLocation.java:165)
	at org.openqa.selenium.remote.ElementLocation.findElement(ElementLocation.java:59)
	at org.openqa.selenium.remote.RemoteWebDriver.findElement(RemoteWebDriver.java:360)
	at org.openqa.selenium.remote.RemoteWebDriver.findElement(RemoteWebDriver.java:354)
	at steps.VisaStepDefs.user_choose_the_visa_account_number(VisaStepDefs.java:74)
	at ✽.User choose the Visa Account Number(file:///C:/Users/91939/eclipse-workspace/RLL_Register/src/test/java/feature/Visapage.feature:6)
</textarea>
				</li>
				<li test-id='19' class='gc then Skip' status='Skip'>
					<h6 class="step-name" title="steps.VisaStepDefs.user_enter_the_transfer_amount(java.lang.String)"><span class='status skip' title='Skip'><i class='material-icons'>redo</i></span>Then User enter the transfer amount '2500'</h6>

							<div class="node-step">Step skipped</div>
				</li>
				<li test-id='20' class='gc and Skip' status='Skip'>
					<h6 class="step-name" title="steps.VisaStepDefs.user_click_submit_to_visa()"><span class='status skip' title='Skip'><i class='material-icons'>redo</i></span>And User click submit to VISA</h6>

							<div class="node-step">Step skipped</div>
				</li>
			</ul>
		</li>
		<li test-id='22' class='node scenario Fail' status='Fail'>
			<div class="step-name" title="()"><span class='status fail' title='Fail'><i class='material-icons'>cancel</i></span>User Should open dbankdemo Visa Trasfer</div>


			<ul class='gc steps'>
				<li test-id='24' class='gc given Pass' status='Pass'>
					<h6 class="step-name" title="steps.VisaStepDefs.user_navigate_to_the_url()"><span class='status pass' title='Pass'><i class='material-icons'>check_circle</i></span>Given User Navigate to the URL</h6>

				</li>
				<li test-id='25' class='gc when Pass' status='Pass'>
					<h6 class="step-name" title="steps.VisaStepDefs.user_click_on_the_visa_transfer()"><span class='status pass' title='Pass'><i class='material-icons'>check_circle</i></span>When User click on the Visa Transfer</h6>

				</li>
				<li test-id='26' class='gc then Pass' status='Pass'>
					<h6 class="step-name" title="steps.VisaStepDefs.user_choose_the_visa_account_number()"><span class='status pass' title='Pass'><i class='material-icons'>check_circle</i></span>Then User choose the Visa Account Number</h6>

				</li>
				<li test-id='27' class='gc then Pass' status='Pass'>
					<h6 class="step-name" title="steps.VisaStepDefs.user_enter_the_transfer_amount(java.lang.String)"><span class='status pass' title='Pass'><i class='material-icons'>check_circle</i></span>Then User enter the transfer amount '2500'</h6>

				</li>
				<li test-id='28' class='gc and Fail' status='Fail'>
					<h6 class="step-name" title="steps.VisaStepDefs.user_click_submit_to_visa()"><span class='status fail' title='Fail'><i class='material-icons'>cancel</i></span>And User click submit to VISA</h6>

							<textarea disabled class="code-block">java.lang.AssertionError: expected [true] but found [false]
	at org.testng.Assert.fail(Assert.java:111)
	at org.testng.Assert.failNotEquals(Assert.java:1578)
	at org.testng.Assert.assertTrue(Assert.java:57)
	at org.testng.Assert.assertTrue(Assert.java:67)
	at steps.VisaStepDefs.user_click_submit_to_visa(VisaStepDefs.java:101)
	at ✽.User click submit to VISA(file:///C:/Users/91939/eclipse-workspace/RLL_Register/src/test/java/feature/Visapage.feature:8)
</textarea>
				</li>
			</ul>
		</li>
		<li test-id='30' class='node scenario Fail' status='Fail'>
			<div class="step-name" title="()"><span class='status fail' title='Fail'><i class='material-icons'>cancel</i></span>User Should open dbankdemo Visa Trasfer</div>


			<ul class='gc steps'>
				<li test-id='32' class='gc given Pass' status='Pass'>
					<h6 class="step-name" title="steps.VisaStepDefs.user_navigate_to_the_url()"><span class='status pass' title='Pass'><i class='material-icons'>check_circle</i></span>Given User Navigate to the URL</h6>

				</li>
				<li test-id='33' class='gc when Pass' status='Pass'>
					<h6 class="step-name" title="steps.VisaStepDefs.user_click_on_the_visa_transfer()"><span class='status pass' title='Pass'><i class='material-icons'>check_circle</i></span>When User click on the Visa Transfer</h6>

				</li>
				<li test-id='34' class='gc then Pass' status='Pass'>
					<h6 class="step-name" title="steps.VisaStepDefs.user_choose_the_visa_account_number()"><span class='status pass' title='Pass'><i class='material-icons'>check_circle</i></span>Then User choose the Visa Account Number</h6>

				</li>
				<li test-id='35' class='gc then Pass' status='Pass'>
					<h6 class="step-name" title="steps.VisaStepDefs.user_enter_the_transfer_amount(java.lang.String)"><span class='status pass' title='Pass'><i class='material-icons'>check_circle</i></span>Then User enter the transfer amount '2500'</h6>

				</li>
				<li test-id='36' class='gc and Fail' status='Fail'>
					<h6 class="step-name" title="steps.VisaStepDefs.user_click_submit_to_visa()"><span class='status fail' title='Fail'><i class='material-icons'>cancel</i></span>And User click submit to VISA</h6>

							<textarea disabled class="code-block">java.lang.AssertionError: expected [true] but found [false]
	at org.testng.Assert.fail(Assert.java:111)
	at org.testng.Assert.failNotEquals(Assert.java:1578)
	at org.testng.Assert.assertTrue(Assert.java:57)
	at org.testng.Assert.assertTrue(Assert.java:67)
	at steps.VisaStepDefs.user_click_submit_to_visa(VisaStepDefs.java:101)
	at ✽.User click submit to VISA(file:///C:/Users/91939/eclipse-workspace/RLL_Register/src/test/java/feature/Visapage.feature:8)
</textarea>
				</li>
			</ul>
		</li>
	</ul>
</div>
					</div>
				</li>
				<li class='test displayed active has-leaf pass' status='pass' bdd='true' test-id='38'>
					<div class='test-heading'>
						<span class='test-name'>Search by TRN no. on the View Checking Accounts</span>
						<span class='test-time'>Mar 22, 2024 03:16:32 pm</span>
						<span class='test-status right pass'>Pass</span>
					</div>
					<div class='test-content hide'>
<div class="sr-filters bdd-filters">
	<a class="btn-floating waves-effect waves-light pass green" title="pass"><i class='material-icons'>check_circle</i></a>
	<a class="btn-floating waves-effect waves-light fail red" title="fail"><i class='material-icons'>cancel</i></a>
	<a class="btn-floating waves-effect waves-light skip blue" title="skip"><i class='material-icons'>redo</i></a>
	<a class="btn-floating waves-effect waves-light clear grey" title="clear"><i class='material-icons'>clear</i></a>
</div>

<div class='scenario node' test-id='39' status='pass'>

	<span class='duration right label'>00 00 15.824</span>
	<div class="bdd-test">
		<div class="scenario-name"><span class='status pass' title='Pass'><i class='material-icons'>check_circle</i></span> Scenario: Successful search by TRN no. on the View Checking Accounts</div>
	</div>
	
	
	
	<ul class='steps'>
		<li test-id='41' class='node given Pass' status='Pass'>
			<div class="step-name" title="(steps.checking.i_am_on_the_sign_in_page())"><span class='status pass' title='Pass'><i class='material-icons'>check_circle</i></span>Given I am on the sign in page</div>


		</li>
		<li test-id='43' class='node when Pass' status='Pass'>
			<div class="step-name" title="(steps.checking.i_enter_username_and_password())"><span class='status pass' title='Pass'><i class='material-icons'>check_circle</i></span>When I enter Username and password</div>


		</li>
		<li test-id='44' class='node then Pass' status='Pass'>
			<div class="step-name" title="(steps.checking.i_click_on_sign_in_button())"><span class='status pass' title='Pass'><i class='material-icons'>check_circle</i></span>Then I click on sign in button</div>


		</li>
		<li test-id='45' class='node when Pass' status='Pass'>
			<div class="step-name" title="(steps.checking.i_click_on_checking())"><span class='status pass' title='Pass'><i class='material-icons'>check_circle</i></span>When I click on Checking</div>


		</li>
		<li test-id='46' class='node when Pass' status='Pass'>
			<div class="step-name" title="(steps.checking.select_view_checking())"><span class='status pass' title='Pass'><i class='material-icons'>check_circle</i></span>When Select View Checking</div>


		</li>
		<li test-id='47' class='node then Pass' status='Pass'>
			<div class="step-name" title="(steps.checking.validate_search_box_with_valid_trn())"><span class='status pass' title='Pass'><i class='material-icons'>check_circle</i></span>Then Validate Search box with valid TRN</div>


		</li>
		<li test-id='48' class='node and Pass' status='Pass'>
			<div class="step-name" title="(steps.checking.validate_search_box_with_invalid_trn())"><span class='status pass' title='Pass'><i class='material-icons'>check_circle</i></span>And Validate Search box with invalid TRN</div>


		</li>
		<li test-id='49' class='node and Pass' status='Pass'>
			<div class="step-name" title="(steps.checking.validate_search_box_with_empty_trn())"><span class='status pass' title='Pass'><i class='material-icons'>check_circle</i></span>And Validate Search box with empty TRN</div>


		</li>
		<li test-id='50' class='node and Pass' status='Pass'>
			<div class="step-name" title="(steps.checking.validate_search_box_with_trn_search_with_spaces())"><span class='status pass' title='Pass'><i class='material-icons'>check_circle</i></span>And Validate Search box with TRN search with spaces</div>


		</li>
	</ul>
</div>
					</div>
				</li>
				<li class='test displayed active has-leaf pass' status='pass' bdd='true' test-id='52'>
					<div class='test-heading'>
						<span class='test-name'>User Login</span>
						<span class='test-time'>Mar 22, 2024 03:16:48 pm</span>
						<span class='test-status right pass'>Pass</span>
					</div>
					<div class='test-content hide'>
<div class="sr-filters bdd-filters">
	<a class="btn-floating waves-effect waves-light pass green" title="pass"><i class='material-icons'>check_circle</i></a>
	<a class="btn-floating waves-effect waves-light fail red" title="fail"><i class='material-icons'>cancel</i></a>
	<a class="btn-floating waves-effect waves-light skip blue" title="skip"><i class='material-icons'>redo</i></a>
	<a class="btn-floating waves-effect waves-light clear grey" title="clear"><i class='material-icons'>clear</i></a>
</div>
	<div class='test-desc'>  As a registered user
  I want to be able to log in
  So that I can access my account</div>

<div class='scenario node' test-id='53' status='pass'>

	<span class='duration right label'>00 00 15.097</span>
	<div class="bdd-test">
		<div class="scenario-name"><span class='status pass' title='Pass'><i class='material-icons'>check_circle</i></span> Scenario: Successful login</div>
	</div>
	
	
	
	<ul class='steps'>
		<li test-id='55' class='node given Pass' status='Pass'>
			<div class="step-name" title="(steps.loginsteps.i_am_on_the_login_page())"><span class='status pass' title='Pass'><i class='material-icons'>check_circle</i></span>Given I am on the login page</div>


		</li>
		<li test-id='56' class='node when Pass' status='Pass'>
			<div class="step-name" title="(steps.loginsteps.i_enter_username_and_password(java.lang.String,java.lang.String))"><span class='status pass' title='Pass'><i class='material-icons'>check_circle</i></span>When I enter username "sadiqali@gmail.com"  and password "Admin@1234"</div>


		</li>
		<li test-id='57' class='node and Pass' status='Pass'>
			<div class="step-name" title="(steps.loginsteps.i_click_the_login_button())"><span class='status pass' title='Pass'><i class='material-icons'>check_circle</i></span>And I click the login button</div>


		</li>
		<li test-id='58' class='node then Pass' status='Pass'>
			<div class="step-name" title="(steps.loginsteps.i_should_be_redirected_to_my_account_dashboard())"><span class='status pass' title='Pass'><i class='material-icons'>check_circle</i></span>Then I should be redirected to my account dashboard</div>


		</li>
	</ul>
</div>
<div class='scenario node' test-id='60' status='pass'>

	<span class='duration right label'>00 00 11.470</span>
	<div class="bdd-test">
		<div class="scenario-name"><span class='status pass' title='Pass'><i class='material-icons'>check_circle</i></span> Scenario: Login with invalid username</div>
	</div>
	
	
	
	<ul class='steps'>
		<li test-id='62' class='node given Pass' status='Pass'>
			<div class="step-name" title="(steps.loginsteps.i_am_on_the_login_page())"><span class='status pass' title='Pass'><i class='material-icons'>check_circle</i></span>Given I am on the login page</div>


		</li>
		<li test-id='63' class='node when Pass' status='Pass'>
			<div class="step-name" title="(steps.loginsteps.i_enter_invalid_username_and_password(java.lang.String,java.lang.String))"><span class='status pass' title='Pass'><i class='material-icons'>check_circle</i></span>When I enter invalid username "s@gmail.com" and password "Admin@1234"</div>


		</li>
		<li test-id='64' class='node and Pass' status='Pass'>
			<div class="step-name" title="(steps.loginsteps.i_click_the_login_button())"><span class='status pass' title='Pass'><i class='material-icons'>check_circle</i></span>And I click the login button</div>


		</li>
		<li test-id='65' class='node then Pass' status='Pass'>
			<div class="step-name" title="(steps.loginsteps.i_should_see_an_error_message())"><span class='status pass' title='Pass'><i class='material-icons'>check_circle</i></span>Then I should see an error message</div>


		</li>
	</ul>
</div>
<div class='scenario node' test-id='67' status='pass'>

	<span class='duration right label'>00 00 10.668</span>
	<div class="bdd-test">
		<div class="scenario-name"><span class='status pass' title='Pass'><i class='material-icons'>check_circle</i></span> Scenario: Login with invalid password</div>
	</div>
	
	
	
	<ul class='steps'>
		<li test-id='69' class='node given Pass' status='Pass'>
			<div class="step-name" title="(steps.loginsteps.i_am_on_the_login_page())"><span class='status pass' title='Pass'><i class='material-icons'>check_circle</i></span>Given I am on the login page</div>


		</li>
		<li test-id='70' class='node when Pass' status='Pass'>
			<div class="step-name" title="(steps.loginsteps.i_enter_invalid_password_username_and_password(java.lang.String,java.lang.String))"><span class='status pass' title='Pass'><i class='material-icons'>check_circle</i></span>When I enter invalid password , username "sadiqali@gmail.com"   and password "sa"</div>


		</li>
		<li test-id='71' class='node and Pass' status='Pass'>
			<div class="step-name" title="(steps.loginsteps.i_click_the_login_button())"><span class='status pass' title='Pass'><i class='material-icons'>check_circle</i></span>And I click the login button</div>


		</li>
		<li test-id='72' class='node then Pass' status='Pass'>
			<div class="step-name" title="(steps.loginsteps.i_should_see_an_error_message())"><span class='status pass' title='Pass'><i class='material-icons'>check_circle</i></span>Then I should see an error message</div>


		</li>
	</ul>
</div>
					</div>
				</li>
				<li class='test displayed active has-leaf fail' status='fail' bdd='true' test-id='74'>
					<div class='test-heading'>
						<span class='test-name'>Testing Bankdemo login page</span>
						<span class='test-time'>Mar 22, 2024 03:17:25 pm</span>
						<span class='test-status right fail'>Fail</span>
					</div>
					<div class='test-content hide'>
<div class="sr-filters bdd-filters">
	<a class="btn-floating waves-effect waves-light pass green" title="pass"><i class='material-icons'>check_circle</i></a>
	<a class="btn-floating waves-effect waves-light fail red" title="fail"><i class='material-icons'>cancel</i></a>
	<a class="btn-floating waves-effect waves-light skip blue" title="skip"><i class='material-icons'>redo</i></a>
	<a class="btn-floating waves-effect waves-light clear grey" title="clear"><i class='material-icons'>clear</i></a>
</div>

<div class='scenario node' test-id='75' status='fail'>

	<span class='duration right label'>00 00 17.424</span>
	<div class="bdd-test">
		<div class="scenario-name"><span class='status fail' title='Fail'><i class='material-icons'>cancel</i></span> Scenario: User should open BankDemo login page on ChromeBrowser and he register</div>
	</div>
	
	
	
	<ul class='steps'>
		<li test-id='77' class='node given Pass' status='Pass'>
			<div class="step-name" title="(steps.signup.OpenBrowser())"><span class='status pass' title='Pass'><i class='material-icons'>check_circle</i></span>Given User is on Chrome browser and he opens the link</div>


		</li>
		<li test-id='78' class='node when Pass' status='Pass'>
			<div class="step-name" title="(steps.signup.EnterURL())"><span class='status pass' title='Pass'><i class='material-icons'>check_circle</i></span>When User fills the details on the page</div>


		</li>
		<li test-id='79' class='node then Fail' status='Fail'>
			<div class="step-name" title="(steps.signup.Details())"><span class='status fail' title='Fail'><i class='material-icons'>cancel</i></span>Then User fills the details of next page and fills details</div>


					<textarea disabled class="code-block">org.openqa.selenium.ElementNotInteractableException: element not interactable
  (Session info: chrome=123.0.6312.58)
Build info: version: '4.16.0', revision: '15400459dd*'
System info: os.name: 'Windows 11', os.arch: 'amd64', os.version: '10.0', java.version: '21.0.2'
Driver info: org.openqa.selenium.chrome.ChromeDriver
Command: [918e188758ec891fb469e1a6fc1ff39e, sendKeysToElement {id=f.099389D7B3AB960CA12AC21B726BC365.d.99267E0CA4241D87485E2678B1350239.e.101, value=[Ljava.lang.CharSequence;@52657d5f}]
Capabilities {acceptInsecureCerts: false, browserName: chrome, browserVersion: 123.0.6312.58, chrome: {chromedriverVersion: 123.0.6312.58 (6b4b19e9dfbb..., userDataDir: C:\Users\91939\AppData\Loca...}, fedcm:accounts: true, goog:chromeOptions: {debuggerAddress: localhost:62613}, networkConnectionEnabled: false, pageLoadStrategy: normal, platformName: windows, proxy: Proxy(), se:cdp: ws://localhost:62613/devtoo..., se:cdpVersion: 123.0.6312.58, setWindowRect: true, strictFileInteractability: false, timeouts: {implicit: 0, pageLoad: 300000, script: 30000}, unhandledPromptBehavior: dismiss and notify, webauthn:extension:credBlob: true, webauthn:extension:largeBlob: true, webauthn:extension:minPinLength: true, webauthn:extension:prf: true, webauthn:virtualAuthenticators: true}
Element: [[ChromeDriver: chrome on windows (918e188758ec891fb469e1a6fc1ff39e)] -> xpath: //input[@id='address']]
Session ID: 918e188758ec891fb469e1a6fc1ff39e
	at java.base/jdk.internal.reflect.DirectConstructorHandleAccessor.newInstance(DirectConstructorHandleAccessor.java:62)
	at java.base/java.lang.reflect.Constructor.newInstanceWithCaller(Constructor.java:502)
	at java.base/java.lang.reflect.Constructor.newInstance(Constructor.java:486)
	at org.openqa.selenium.remote.codec.w3c.W3CHttpResponseCodec.createException(W3CHttpResponseCodec.java:200)
	at org.openqa.selenium.remote.codec.w3c.W3CHttpResponseCodec.decode(W3CHttpResponseCodec.java:133)
	at org.openqa.selenium.remote.codec.w3c.W3CHttpResponseCodec.decode(W3CHttpResponseCodec.java:52)
	at org.openqa.selenium.remote.HttpCommandExecutor.execute(HttpCommandExecutor.java:191)
	at org.openqa.selenium.remote.service.DriverCommandExecutor.invokeExecute(DriverCommandExecutor.java:200)
	at org.openqa.selenium.remote.service.DriverCommandExecutor.execute(DriverCommandExecutor.java:175)
	at org.openqa.selenium.remote.RemoteWebDriver.execute(RemoteWebDriver.java:523)
	at org.openqa.selenium.remote.RemoteWebElement.execute(RemoteWebElement.java:224)
	at org.openqa.selenium.remote.RemoteWebElement.sendKeys(RemoteWebElement.java:111)
	at java.base/jdk.internal.reflect.DirectMethodHandleAccessor.invoke(DirectMethodHandleAccessor.java:103)
	at java.base/java.lang.reflect.Method.invoke(Method.java:580)
	at org.openqa.selenium.support.pagefactory.internal.LocatingElementHandler.invoke(LocatingElementHandler.java:51)
	at jdk.proxy2/jdk.proxy2.$Proxy29.sendKeys(Unknown Source)
	at pages.registerpagefactory.nextpage(registerpagefactory.java:107)
	at steps.signup.Details(signup.java:80)
	at ✽.User fills the details of next page and fills details(file:///C:/Users/91939/eclipse-workspace/RLL_Register/src/test/java/feature/registersignup.feature:6)
</textarea>
		</li>
		<li test-id='80' class='node and Skip' status='Skip'>
			<div class="step-name" title="(steps.signup.finished())"><span class='status skip' title='Skip'><i class='material-icons'>redo</i></span>And user clicks on register and he comes on login</div>


					<div class="node-step">Step skipped</div>
		</li>
	</ul>
</div>
<div class='scenario node' test-id='82' status='fail'>

	<span class='duration right label'>00 00 15.806</span>
	<div class="bdd-test">
		<div class="scenario-name"><span class='status fail' title='Fail'><i class='material-icons'>cancel</i></span> Scenario: User should open BankDemo login page on ChromeBrowser and he register</div>
	</div>
	
	
	
	<ul class='steps'>
		<li test-id='84' class='node given Pass' status='Pass'>
			<div class="step-name" title="(steps.signup.OpenBrowser())"><span class='status pass' title='Pass'><i class='material-icons'>check_circle</i></span>Given User is on Chrome browser and he opens the link</div>


		</li>
		<li test-id='85' class='node when Pass' status='Pass'>
			<div class="step-name" title="(steps.signup.EnterURL())"><span class='status pass' title='Pass'><i class='material-icons'>check_circle</i></span>When User fills the details on the page</div>


		</li>
		<li test-id='86' class='node then Fail' status='Fail'>
			<div class="step-name" title="(steps.signup.Details())"><span class='status fail' title='Fail'><i class='material-icons'>cancel</i></span>Then User fills the details of next page and fills details</div>


					<textarea disabled class="code-block">org.openqa.selenium.ElementNotInteractableException: element not interactable
  (Session info: chrome=123.0.6312.58)
Build info: version: '4.16.0', revision: '15400459dd*'
System info: os.name: 'Windows 11', os.arch: 'amd64', os.version: '10.0', java.version: '21.0.2'
Driver info: org.openqa.selenium.chrome.ChromeDriver
Command: [7a4c966dc5bc49fb130734277b926c7d, sendKeysToElement {id=f.72CD29781C3F6C41A172D7E29CAEB745.d.007C24AAEB570EE4AFECE0935AE20D53.e.88, value=[Ljava.lang.CharSequence;@37f71c05}]
Capabilities {acceptInsecureCerts: false, browserName: chrome, browserVersion: 123.0.6312.58, chrome: {chromedriverVersion: 123.0.6312.58 (6b4b19e9dfbb..., userDataDir: C:\Users\91939\AppData\Loca...}, fedcm:accounts: true, goog:chromeOptions: {debuggerAddress: localhost:62664}, networkConnectionEnabled: false, pageLoadStrategy: normal, platformName: windows, proxy: Proxy(), se:cdp: ws://localhost:62664/devtoo..., se:cdpVersion: 123.0.6312.58, setWindowRect: true, strictFileInteractability: false, timeouts: {implicit: 0, pageLoad: 300000, script: 30000}, unhandledPromptBehavior: dismiss and notify, webauthn:extension:credBlob: true, webauthn:extension:largeBlob: true, webauthn:extension:minPinLength: true, webauthn:extension:prf: true, webauthn:virtualAuthenticators: true}
Element: [[ChromeDriver: chrome on windows (7a4c966dc5bc49fb130734277b926c7d)] -> xpath: //input[@id='address']]
Session ID: 7a4c966dc5bc49fb130734277b926c7d
	at java.base/jdk.internal.reflect.DirectConstructorHandleAccessor.newInstance(DirectConstructorHandleAccessor.java:62)
	at java.base/java.lang.reflect.Constructor.newInstanceWithCaller(Constructor.java:502)
	at java.base/java.lang.reflect.Constructor.newInstance(Constructor.java:486)
	at org.openqa.selenium.remote.codec.w3c.W3CHttpResponseCodec.createException(W3CHttpResponseCodec.java:200)
	at org.openqa.selenium.remote.codec.w3c.W3CHttpResponseCodec.decode(W3CHttpResponseCodec.java:133)
	at org.openqa.selenium.remote.codec.w3c.W3CHttpResponseCodec.decode(W3CHttpResponseCodec.java:52)
	at org.openqa.selenium.remote.HttpCommandExecutor.execute(HttpCommandExecutor.java:191)
	at org.openqa.selenium.remote.service.DriverCommandExecutor.invokeExecute(DriverCommandExecutor.java:200)
	at org.openqa.selenium.remote.service.DriverCommandExecutor.execute(DriverCommandExecutor.java:175)
	at org.openqa.selenium.remote.RemoteWebDriver.execute(RemoteWebDriver.java:523)
	at org.openqa.selenium.remote.RemoteWebElement.execute(RemoteWebElement.java:224)
	at org.openqa.selenium.remote.RemoteWebElement.sendKeys(RemoteWebElement.java:111)
	at java.base/jdk.internal.reflect.DirectMethodHandleAccessor.invoke(DirectMethodHandleAccessor.java:103)
	at java.base/java.lang.reflect.Method.invoke(Method.java:580)
	at org.openqa.selenium.support.pagefactory.internal.LocatingElementHandler.invoke(LocatingElementHandler.java:51)
	at jdk.proxy2/jdk.proxy2.$Proxy29.sendKeys(Unknown Source)
	at pages.registerpagefactory.nextpage(registerpagefactory.java:107)
	at steps.signup.Details(signup.java:80)
	at ✽.User fills the details of next page and fills details(file:///C:/Users/91939/eclipse-workspace/RLL_Register/src/test/java/feature/registersignup.feature:6)
</textarea>
		</li>
		<li test-id='87' class='node and Skip' status='Skip'>
			<div class="step-name" title="(steps.signup.finished())"><span class='status skip' title='Skip'><i class='material-icons'>redo</i></span>And user clicks on register and he comes on login</div>


					<div class="node-step">Step skipped</div>
		</li>
	</ul>
</div>
<div class='scenario node' test-id='89' status='fail'>

	<span class='duration right label'>00 00 18.732</span>
	<div class="bdd-test">
		<div class="scenario-name"><span class='status fail' title='Fail'><i class='material-icons'>cancel</i></span> Scenario: User should open BankDemo login page on ChromeBrowser and he register</div>
	</div>
	
	
	
	<ul class='steps'>
		<li test-id='91' class='node given Pass' status='Pass'>
			<div class="step-name" title="(steps.signup.OpenBrowser())"><span class='status pass' title='Pass'><i class='material-icons'>check_circle</i></span>Given User is on Chrome browser and he opens the link</div>


		</li>
		<li test-id='92' class='node when Pass' status='Pass'>
			<div class="step-name" title="(steps.signup.EnterURL())"><span class='status pass' title='Pass'><i class='material-icons'>check_circle</i></span>When User fills the details on the page</div>


		</li>
		<li test-id='93' class='node then Fail' status='Fail'>
			<div class="step-name" title="(steps.signup.Details())"><span class='status fail' title='Fail'><i class='material-icons'>cancel</i></span>Then User fills the details of next page and fills details</div>


					<textarea disabled class="code-block">org.openqa.selenium.ElementNotInteractableException: element not interactable
  (Session info: chrome=123.0.6312.58)
Build info: version: '4.16.0', revision: '15400459dd*'
System info: os.name: 'Windows 11', os.arch: 'amd64', os.version: '10.0', java.version: '21.0.2'
Driver info: org.openqa.selenium.chrome.ChromeDriver
Command: [ea87c895463f1ef7683bf0de80b6ec24, sendKeysToElement {id=f.58B19A6A84CFB9F0683D05B0343D806D.d.8A97840DEADCB62FBC5FC3BAB1883796.e.90, value=[Ljava.lang.CharSequence;@44a14de0}]
Capabilities {acceptInsecureCerts: false, browserName: chrome, browserVersion: 123.0.6312.58, chrome: {chromedriverVersion: 123.0.6312.58 (6b4b19e9dfbb..., userDataDir: C:\Users\91939\AppData\Loca...}, fedcm:accounts: true, goog:chromeOptions: {debuggerAddress: localhost:62708}, networkConnectionEnabled: false, pageLoadStrategy: normal, platformName: windows, proxy: Proxy(), se:cdp: ws://localhost:62708/devtoo..., se:cdpVersion: 123.0.6312.58, setWindowRect: true, strictFileInteractability: false, timeouts: {implicit: 0, pageLoad: 300000, script: 30000}, unhandledPromptBehavior: dismiss and notify, webauthn:extension:credBlob: true, webauthn:extension:largeBlob: true, webauthn:extension:minPinLength: true, webauthn:extension:prf: true, webauthn:virtualAuthenticators: true}
Element: [[ChromeDriver: chrome on windows (ea87c895463f1ef7683bf0de80b6ec24)] -> xpath: //input[@id='address']]
Session ID: ea87c895463f1ef7683bf0de80b6ec24
	at java.base/jdk.internal.reflect.DirectConstructorHandleAccessor.newInstance(DirectConstructorHandleAccessor.java:62)
	at java.base/java.lang.reflect.Constructor.newInstanceWithCaller(Constructor.java:502)
	at java.base/java.lang.reflect.Constructor.newInstance(Constructor.java:486)
	at org.openqa.selenium.remote.codec.w3c.W3CHttpResponseCodec.createException(W3CHttpResponseCodec.java:200)
	at org.openqa.selenium.remote.codec.w3c.W3CHttpResponseCodec.decode(W3CHttpResponseCodec.java:133)
	at org.openqa.selenium.remote.codec.w3c.W3CHttpResponseCodec.decode(W3CHttpResponseCodec.java:52)
	at org.openqa.selenium.remote.HttpCommandExecutor.execute(HttpCommandExecutor.java:191)
	at org.openqa.selenium.remote.service.DriverCommandExecutor.invokeExecute(DriverCommandExecutor.java:200)
	at org.openqa.selenium.remote.service.DriverCommandExecutor.execute(DriverCommandExecutor.java:175)
	at org.openqa.selenium.remote.RemoteWebDriver.execute(RemoteWebDriver.java:523)
	at org.openqa.selenium.remote.RemoteWebElement.execute(RemoteWebElement.java:224)
	at org.openqa.selenium.remote.RemoteWebElement.sendKeys(RemoteWebElement.java:111)
	at java.base/jdk.internal.reflect.DirectMethodHandleAccessor.invoke(DirectMethodHandleAccessor.java:103)
	at java.base/java.lang.reflect.Method.invoke(Method.java:580)
	at org.openqa.selenium.support.pagefactory.internal.LocatingElementHandler.invoke(LocatingElementHandler.java:51)
	at jdk.proxy2/jdk.proxy2.$Proxy29.sendKeys(Unknown Source)
	at pages.registerpagefactory.nextpage(registerpagefactory.java:107)
	at steps.signup.Details(signup.java:80)
	at ✽.User fills the details of next page and fills details(file:///C:/Users/91939/eclipse-workspace/RLL_Register/src/test/java/feature/registersignup.feature:6)
</textarea>
		</li>
		<li test-id='94' class='node and Skip' status='Skip'>
			<div class="step-name" title="(steps.signup.finished())"><span class='status skip' title='Skip'><i class='material-icons'>redo</i></span>And user clicks on register and he comes on login</div>


					<div class="node-step">Step skipped</div>
		</li>
	</ul>
</div>
<div class='scenario node' test-id='96' status='pass'>

	<span class='duration right label'>00 00 21.201</span>
	<div class="bdd-test">
		<div class="scenario-name"><span class='status pass' title='Pass'><i class='material-icons'>check_circle</i></span> Scenario: User is unable to register the bankdemo page</div>
	</div>
	
	
	
	<ul class='steps'>
		<li test-id='98' class='node given Pass' status='Pass'>
			<div class="step-name" title="(steps.signup.user_is_on_chrome_browser_and_he_opens_the_links())"><span class='status pass' title='Pass'><i class='material-icons'>check_circle</i></span>Given User is on Chrome browser and he opens the links</div>


		</li>
		<li test-id='99' class='node when Pass' status='Pass'>
			<div class="step-name" title="(steps.signup.user_fills_the_invalid_details_on_the_page())"><span class='status pass' title='Pass'><i class='material-icons'>check_circle</i></span>When User fills the invalid details on the page</div>


		</li>
		<li test-id='100' class='node then Pass' status='Pass'>
			<div class="step-name" title="(steps.signup.user_gets_message_to_fill_all_the_details())"><span class='status pass' title='Pass'><i class='material-icons'>check_circle</i></span>Then User will gets message that it has been already registered</div>


		</li>
		<li test-id='101' class='node and Pass' status='Pass'>
			<div class="step-name" title="(steps.signup.user_closes_the_browser())"><span class='status pass' title='Pass'><i class='material-icons'>check_circle</i></span>And user closes the browser</div>


		</li>
	</ul>
</div>
					</div>
				</li>
				<li class='test displayed active has-leaf pass' status='pass' bdd='true' test-id='103'>
					<div class='test-heading'>
						<span class='test-name'>Search by TRN no. on the View Savings Accounts</span>
						<span class='test-time'>Mar 22, 2024 03:18:39 pm</span>
						<span class='test-status right pass'>Pass</span>
					</div>
					<div class='test-content hide'>
<div class="sr-filters bdd-filters">
	<a class="btn-floating waves-effect waves-light pass green" title="pass"><i class='material-icons'>check_circle</i></a>
	<a class="btn-floating waves-effect waves-light fail red" title="fail"><i class='material-icons'>cancel</i></a>
	<a class="btn-floating waves-effect waves-light skip blue" title="skip"><i class='material-icons'>redo</i></a>
	<a class="btn-floating waves-effect waves-light clear grey" title="clear"><i class='material-icons'>clear</i></a>
</div>

<div class='scenario node' test-id='104' status='pass'>

	<span class='duration right label'>00 00 26.705</span>
	<div class="bdd-test">
		<div class="scenario-name"><span class='status pass' title='Pass'><i class='material-icons'>check_circle</i></span> Scenario: Successful search by TRN no. on the View Savings Accounts</div>
	</div>
	
	
	
	<ul class='steps'>
		<li test-id='106' class='node given Pass' status='Pass'>
			<div class="step-name" title="(steps.savings_stepdef.i_am_on_the_sign_in_page())"><span class='status pass' title='Pass'><i class='material-icons'>check_circle</i></span>Given I am on the sign in page-</div>


		</li>
		<li test-id='107' class='node when Pass' status='Pass'>
			<div class="step-name" title="(steps.savings_stepdef.i_enter_username_and_password())"><span class='status pass' title='Pass'><i class='material-icons'>check_circle</i></span>When I enter Username and password-</div>


		</li>
		<li test-id='108' class='node then Pass' status='Pass'>
			<div class="step-name" title="(steps.savings_stepdef.i_click_on_sign_in_button())"><span class='status pass' title='Pass'><i class='material-icons'>check_circle</i></span>Then I click on sign in button-</div>


		</li>
		<li test-id='109' class='node when Pass' status='Pass'>
			<div class="step-name" title="(steps.savings_stepdef.i_click_on_savings())"><span class='status pass' title='Pass'><i class='material-icons'>check_circle</i></span>When I click on Savings</div>


		</li>
		<li test-id='110' class='node when Pass' status='Pass'>
			<div class="step-name" title="(steps.savings_stepdef.select_view_Savings())"><span class='status pass' title='Pass'><i class='material-icons'>check_circle</i></span>When Select View Savings</div>


		</li>
		<li test-id='111' class='node then Pass' status='Pass'>
			<div class="step-name" title="(steps.savings_stepdef.validate_search_box_with_amount())"><span class='status pass' title='Pass'><i class='material-icons'>check_circle</i></span>Then Validate Search box with Amount</div>


		</li>
		<li test-id='112' class='node and Pass' status='Pass'>
			<div class="step-name" title="(steps.savings_stepdef.validate_search_box_with_trn())"><span class='status pass' title='Pass'><i class='material-icons'>check_circle</i></span>And Validate Search box with TRN</div>


		</li>
		<li test-id='113' class='node then Pass' status='Pass'>
			<div class="step-name" title="(steps.savings_stepdef.validate_search_box_with_category())"><span class='status pass' title='Pass'><i class='material-icons'>check_circle</i></span>Then Validate Search box with category</div>


		</li>
		<li test-id='114' class='node and Pass' status='Pass'>
			<div class="step-name" title="(steps.savings_stepdef.validate_search_box_with_date())"><span class='status pass' title='Pass'><i class='material-icons'>check_circle</i></span>And Validate Search box with date</div>


		</li>
	</ul>
</div>
					</div>
				</li>
				<li class='test displayed active has-leaf fail' status='fail' bdd='true' test-id='116'>
					<div class='test-heading'>
						<span class='test-name'>Testing dbankdemo Transfer between Accounts feature</span>
						<span class='test-time'>Mar 22, 2024 03:19:05 pm</span>
						<span class='test-status right fail'>Fail</span>
					</div>
					<div class='test-content hide'>
<div class="sr-filters bdd-filters">
	<a class="btn-floating waves-effect waves-light pass green" title="pass"><i class='material-icons'>check_circle</i></a>
	<a class="btn-floating waves-effect waves-light fail red" title="fail"><i class='material-icons'>cancel</i></a>
	<a class="btn-floating waves-effect waves-light skip blue" title="skip"><i class='material-icons'>redo</i></a>
	<a class="btn-floating waves-effect waves-light clear grey" title="clear"><i class='material-icons'>clear</i></a>
</div>

<div class='scenario node' test-id='117' status='fail'>

	<span class='duration right label'>00 00 16.687</span>
	<div class="bdd-test">
		<div class="scenario-name"><span class='status fail' title='Fail'><i class='material-icons'>cancel</i></span> Scenario: Testing Transfer between Accounts</div>
	</div>
	
	
	
	<ul class='steps'>
		<li test-id='119' class='node given Pass' status='Pass'>
			<div class="step-name" title="(steps.transfer.user_is_on_transfer_between_accounts_page())"><span class='status pass' title='Pass'><i class='material-icons'>check_circle</i></span>Given User is on Transfer between Accounts page</div>


		</li>
		<li test-id='121' class='node when Fail' status='Fail'>
			<div class="step-name" title="(steps.transfer.validating_reset_button_of_transfer_between_accounts_page())"><span class='status fail' title='Fail'><i class='material-icons'>cancel</i></span>When Validating Reset button of Transfer between Accounts page</div>


					<textarea disabled class="code-block">org.openqa.selenium.NoSuchElementException: no such element: Unable to locate element: {"method":"xpath","selector":"//*[@id="fromAccount"]"}
  (Session info: chrome=123.0.6312.58)
For documentation on this error, please visit: https://www.selenium.dev/documentation/webdriver/troubleshooting/errors#no-such-element-exception
Build info: version: '4.16.0', revision: '15400459dd*'
System info: os.name: 'Windows 11', os.arch: 'amd64', os.version: '10.0', java.version: '21.0.2'
Driver info: org.openqa.selenium.chrome.ChromeDriver
Command: [2a34482348b2a7a802f6f0a748f15c02, findElement {using=xpath, value=//*[@id="fromAccount"]}]
Capabilities {acceptInsecureCerts: false, browserName: chrome, browserVersion: 123.0.6312.58, chrome: {chromedriverVersion: 123.0.6312.58 (6b4b19e9dfbb..., userDataDir: C:\Users\91939\AppData\Loca...}, fedcm:accounts: true, goog:chromeOptions: {debuggerAddress: localhost:62817}, networkConnectionEnabled: false, pageLoadStrategy: normal, platformName: windows, proxy: Proxy(), se:cdp: ws://localhost:62817/devtoo..., se:cdpVersion: 123.0.6312.58, setWindowRect: true, strictFileInteractability: false, timeouts: {implicit: 0, pageLoad: 300000, script: 30000}, unhandledPromptBehavior: dismiss and notify, webauthn:extension:credBlob: true, webauthn:extension:largeBlob: true, webauthn:extension:minPinLength: true, webauthn:extension:prf: true, webauthn:virtualAuthenticators: true}
Session ID: 2a34482348b2a7a802f6f0a748f15c02
	at java.base/jdk.internal.reflect.DirectConstructorHandleAccessor.newInstance(DirectConstructorHandleAccessor.java:62)
	at java.base/java.lang.reflect.Constructor.newInstanceWithCaller(Constructor.java:502)
	at java.base/java.lang.reflect.Constructor.newInstance(Constructor.java:486)
	at org.openqa.selenium.remote.codec.w3c.W3CHttpResponseCodec.createException(W3CHttpResponseCodec.java:200)
	at org.openqa.selenium.remote.codec.w3c.W3CHttpResponseCodec.decode(W3CHttpResponseCodec.java:133)
	at org.openqa.selenium.remote.codec.w3c.W3CHttpResponseCodec.decode(W3CHttpResponseCodec.java:52)
	at org.openqa.selenium.remote.HttpCommandExecutor.execute(HttpCommandExecutor.java:191)
	at org.openqa.selenium.remote.service.DriverCommandExecutor.invokeExecute(DriverCommandExecutor.java:200)
	at org.openqa.selenium.remote.service.DriverCommandExecutor.execute(DriverCommandExecutor.java:175)
	at org.openqa.selenium.remote.RemoteWebDriver.execute(RemoteWebDriver.java:523)
	at org.openqa.selenium.remote.ElementLocation$ElementFinder$2.findElement(ElementLocation.java:165)
	at org.openqa.selenium.remote.ElementLocation.findElement(ElementLocation.java:59)
	at org.openqa.selenium.remote.RemoteWebDriver.findElement(RemoteWebDriver.java:360)
	at org.openqa.selenium.remote.RemoteWebDriver.findElement(RemoteWebDriver.java:354)
	at org.openqa.selenium.support.pagefactory.DefaultElementLocator.findElement(DefaultElementLocator.java:68)
	at org.openqa.selenium.support.pagefactory.internal.LocatingElementHandler.invoke(LocatingElementHandler.java:38)
	at jdk.proxy2/jdk.proxy2.$Proxy29.getTagName(Unknown Source)
	at org.openqa.selenium.support.ui.Select.<init>(Select.java:43)
	at pages.transferpages.enterAcntsDetails(transferpages.java:54)
	at steps.transfer.validating_reset_button_of_transfer_between_accounts_page(transfer.java:82)
	at ✽.Validating Reset button of Transfer between Accounts page(file:///C:/Users/91939/eclipse-workspace/RLL_Register/src/test/java/feature/transfer.feature:5)
</textarea>
		</li>
		<li test-id='122' class='node then Skip' status='Skip'>
			<div class="step-name" title="(steps.transfer.validating_submit_button_without_any_data())"><span class='status skip' title='Skip'><i class='material-icons'>redo</i></span>Then Validating Submit button without any data</div>


					<div class="node-step">Step skipped</div>
		</li>
		<li test-id='123' class='node and Skip' status='Skip'>
			<div class="step-name" title="(steps.transfer.validating_submit_button_with_amount_as_zero())"><span class='status skip' title='Skip'><i class='material-icons'>redo</i></span>And Validating Submit button with amount as zero</div>


					<div class="node-step">Step skipped</div>
		</li>
		<li test-id='124' class='node then Skip' status='Skip'>
			<div class="step-name" title="(steps.transfer.validating_succesful_transfer_between_accounts_transaction_with_valid_credentials())"><span class='status skip' title='Skip'><i class='material-icons'>redo</i></span>Then Validating succesful Transfer between Accounts transaction with valid credentials</div>


					<div class="node-step">Step skipped</div>
		</li>
	</ul>
</div>
<div class='scenario node' test-id='126' status='pass'>

	<span class='duration right label'>00 00 26.769</span>
	<div class="bdd-test">
		<div class="scenario-name"><span class='status pass' title='Pass'><i class='material-icons'>check_circle</i></span> Scenario: Testing Transfer between Accounts</div>
	</div>
	
	
	
	<ul class='steps'>
		<li test-id='128' class='node given Pass' status='Pass'>
			<div class="step-name" title="(steps.transfer.user_is_on_transfer_between_accounts_page())"><span class='status pass' title='Pass'><i class='material-icons'>check_circle</i></span>Given User is on Transfer between Accounts page</div>


		</li>
		<li test-id='130' class='node when Pass' status='Pass'>
			<div class="step-name" title="(steps.transfer.validating_reset_button_of_transfer_between_accounts_page())"><span class='status pass' title='Pass'><i class='material-icons'>check_circle</i></span>When Validating Reset button of Transfer between Accounts page</div>


		</li>
		<li test-id='131' class='node then Pass' status='Pass'>
			<div class="step-name" title="(steps.transfer.validating_submit_button_without_any_data())"><span class='status pass' title='Pass'><i class='material-icons'>check_circle</i></span>Then Validating Submit button without any data</div>


		</li>
		<li test-id='132' class='node and Pass' status='Pass'>
			<div class="step-name" title="(steps.transfer.validating_submit_button_with_amount_as_zero())"><span class='status pass' title='Pass'><i class='material-icons'>check_circle</i></span>And Validating Submit button with amount as zero</div>


		</li>
		<li test-id='133' class='node then Pass' status='Pass'>
			<div class="step-name" title="(steps.transfer.validating_succesful_transfer_between_accounts_transaction_with_valid_credentials())"><span class='status pass' title='Pass'><i class='material-icons'>check_circle</i></span>Then Validating succesful Transfer between Accounts transaction with valid credentials</div>


		</li>
	</ul>
</div>
					</div>
				</li>
				<li class='test displayed active has-leaf pass' status='pass' bdd='true' test-id='135'>
					<div class='test-heading'>
						<span class='test-name'>withdraw</span>
						<span class='test-time'>Mar 22, 2024 03:19:49 pm</span>
						<span class='test-status right pass'>Pass</span>
					</div>
					<div class='test-content hide'>
<div class="sr-filters bdd-filters">
	<a class="btn-floating waves-effect waves-light pass green" title="pass"><i class='material-icons'>check_circle</i></a>
	<a class="btn-floating waves-effect waves-light fail red" title="fail"><i class='material-icons'>cancel</i></a>
	<a class="btn-floating waves-effect waves-light skip blue" title="skip"><i class='material-icons'>redo</i></a>
	<a class="btn-floating waves-effect waves-light clear grey" title="clear"><i class='material-icons'>clear</i></a>
</div>

<div class='scenario node' test-id='136' status='pass'>

	<span class='duration right label'>00 00 25.500</span>
	<div class="bdd-test">
		<div class="scenario-name"><span class='status pass' title='Pass'><i class='material-icons'>check_circle</i></span> Scenario: user perform withdraw Test</div>
	</div>
	
	
	
	<ul class='steps'>
		<li test-id='138' class='node given Pass' status='Pass'>
			<div class="step-name" title="(steps.withdraw.user_navigates_to_the_url())"><span class='status pass' title='Pass'><i class='material-icons'>check_circle</i></span>Given User navigates to the URL</div>


		</li>
		<li test-id='139' class='node when Pass' status='Pass'>
			<div class="step-name" title="(steps.withdraw.user_performs_the_login_process())"><span class='status pass' title='Pass'><i class='material-icons'>check_circle</i></span>When User performs the login process</div>


		</li>
		<li test-id='140' class='node given Pass' status='Pass'>
			<div class="step-name" title="(steps.withdraw.click_Withdraw())"><span class='status pass' title='Pass'><i class='material-icons'>check_circle</i></span>Given User clicks on withdraw</div>


		</li>
		<li test-id='141' class='node then Pass' status='Pass'>
			<div class="step-name" title="(steps.withdraw.select_DropDown_button())"><span class='status pass' title='Pass'><i class='material-icons'>check_circle</i></span>Then select DropDown button and test</div>


		</li>
		<li test-id='142' class='node and Pass' status='Pass'>
			<div class="step-name" title="(steps.withdraw.select_Reset_Button())"><span class='status pass' title='Pass'><i class='material-icons'>check_circle</i></span>And check RestButton</div>


		</li>
		<li test-id='143' class='node then Pass' status='Pass'>
			<div class="step-name" title="(steps.withdraw.empty_Input_amount())"><span class='status pass' title='Pass'><i class='material-icons'>check_circle</i></span>Then check withdraw with no value in input</div>


		</li>
		<li test-id='144' class='node then Pass' status='Pass'>
			<div class="step-name" title="(steps.withdraw.invalid_input_amount())"><span class='status pass' title='Pass'><i class='material-icons'>check_circle</i></span>Then check withdraw with zero amount</div>


		</li>
		<li test-id='145' class='node then Pass' status='Pass'>
			<div class="step-name" title="(steps.withdraw.Exceed_bank_balance())"><span class='status pass' title='Pass'><i class='material-icons'>check_circle</i></span>Then check withdraw with exceed bank amount</div>


		</li>
		<li test-id='146' class='node and Pass' status='Pass'>
			<div class="step-name" title="(steps.withdraw.Withdraw_Amount_from_Bank_account())"><span class='status pass' title='Pass'><i class='material-icons'>check_circle</i></span>And give valid amount and deposite</div>


		</li>
	</ul>
</div>
					</div>
				</li>
			</ul>
		</div>
	</div>
	
	
	<!-- subview left -->
	<div class='subview-right left'>
		<div class='view-summary'>
			<div id='step-filters' class="right sr-filters">
				<a class="btn-floating waves-effect waves-light green" status="pass" alt="pass" title="pass"><i class="material-icons">check_circle</i></a>
				<a class="btn-floating waves-effect waves-light red" status="fail" alt="fail" title="fail"><i class="material-icons">cancel</i></a>
				<a class="btn-floating waves-effect waves-light red darken-4" status="fatal" alt="fatal" title="fatal"><i class="material-icons">cancel</i></a>
				<a class="btn-floating waves-effect waves-light pink text-lighten-1" status="error" alt="error" title="error"><i class="material-icons">error</i></a>
				<a class="btn-floating waves-effect waves-light orange" alt="warning" status="warning" title="warning"><i class="material-icons">warning</i></a>
				<a class="btn-floating waves-effect waves-light teal" status="skip" alt="skip" title="skip"><i class="material-icons">redo</i></a>
				<a class="btn-floating waves-effect waves-light grey" status="clear" alt="Clear filters" title="Clear filters"><i class="material-icons">clear</i></a>
			</div>
			<h5 class='test-name'></h5>
		</div>
	</div>
	<!-- subview right -->
</div>
<!-- test view --><div id='exception-view' class='view hide'>
	<section id='controls'>
		<div class='controls grey lighten-4'>
			<!-- search -->
			<div class='chip transparent' alt='Search Tests' title='Search Tests'>
				<a href="#" class='search-div'>
				<i class='material-icons'>search</i> Search
				</a>
				<div class='input-field left hide'>
					<input id='search-tests' type='text' class='validate browser-default' placeholder='Search Tests...'>
				</div>
			</div>
			<!-- search -->
		</div>
	</section>
	<div class='subview-left left'>
		<div class='view-summary'>
			<ul id='exception-collection' class='exception-collection'>
				<li class='exception displayed active'>
					<div class='exception-heading'>
						<span class='exception-name'>java.lang.AssertionError</span>
						<span class='exception-count right'><span class='label red lighten-1 white-text'>2</span></span>
					</div>
					<div class='exception-content hide'>
						<div class='exception-tests'>
							<table class='bordered table-results'>
								<thead>
									<tr>
										<th>Timestamp</th>
										<th>TestName</th>
										<th>StackTrace</th>
									</tr>
								</thead>
								<tbody>
									<tr>
										<td>Mar 22, 2024 03:16:06 pm</td>
										<td class='linked' test-id='28'>And User click submit to VISA</td>
										<td>
											<textarea disabled class="code-block">java.lang.AssertionError: expected [true] but found [false]
	at org.testng.Assert.fail(Assert.java:111)
	at org.testng.Assert.failNotEquals(Assert.java:1578)
	at org.testng.Assert.assertTrue(Assert.java:57)
	at org.testng.Assert.assertTrue(Assert.java:67)
	at steps.VisaStepDefs.user_click_submit_to_visa(VisaStepDefs.java:101)
	at ✽.User click submit to VISA(file:///C:/Users/91939/eclipse-workspace/RLL_Register/src/test/java/feature/Visapage.feature:8)
</textarea>
										</td>
									</tr>
									<tr>
										<td>Mar 22, 2024 03:16:29 pm</td>
										<td class='linked' test-id='36'>And User click submit to VISA</td>
										<td>
											<textarea disabled class="code-block">java.lang.AssertionError: expected [true] but found [false]
	at org.testng.Assert.fail(Assert.java:111)
	at org.testng.Assert.failNotEquals(Assert.java:1578)
	at org.testng.Assert.assertTrue(Assert.java:57)
	at org.testng.Assert.assertTrue(Assert.java:67)
	at steps.VisaStepDefs.user_click_submit_to_visa(VisaStepDefs.java:101)
	at ✽.User click submit to VISA(file:///C:/Users/91939/eclipse-workspace/RLL_Register/src/test/java/feature/Visapage.feature:8)
</textarea>
										</td>
									</tr>
								</tbody>
							</table>
						</div>
					</div>
				</li>
				<li class='exception displayed active'>
					<div class='exception-heading'>
						<span class='exception-name'>org.openqa.selenium.NoSuchElementException</span>
						<span class='exception-count right'><span class='label red lighten-1 white-text'>2</span></span>
					</div>
					<div class='exception-content hide'>
						<div class='exception-tests'>
							<table class='bordered table-results'>
								<thead>
									<tr>
										<th>Timestamp</th>
										<th>TestName</th>
										<th>StackTrace</th>
									</tr>
								</thead>
								<tbody>
									<tr>
										<td>Mar 22, 2024 03:15:50 pm</td>
										<td class='linked' test-id='18'>Then User choose the Visa Account Number</td>
										<td>
											<textarea disabled class="code-block">org.openqa.selenium.NoSuchElementException: no such element: Unable to locate element: {"method":"xpath","selector":"//select[@id='extAccount']"}
  (Session info: chrome=123.0.6312.58)
For documentation on this error, please visit: https://www.selenium.dev/documentation/webdriver/troubleshooting/errors#no-such-element-exception
Build info: version: '4.16.0', revision: '15400459dd*'
System info: os.name: 'Windows 11', os.arch: 'amd64', os.version: '10.0', java.version: '21.0.2'
Driver info: org.openqa.selenium.chrome.ChromeDriver
Command: [eff033aa7077c6a29300cd0b97c1e33f, findElement {using=xpath, value=//select[@id='extAccount']}]
Capabilities {acceptInsecureCerts: false, browserName: chrome, browserVersion: 123.0.6312.58, chrome: {chromedriverVersion: 123.0.6312.58 (6b4b19e9dfbb..., userDataDir: C:\Users\91939\AppData\Loca...}, fedcm:accounts: true, goog:chromeOptions: {debuggerAddress: localhost:62371}, networkConnectionEnabled: false, pageLoadStrategy: normal, platformName: windows, proxy: Proxy(), se:cdp: ws://localhost:62371/devtoo..., se:cdpVersion: 123.0.6312.58, setWindowRect: true, strictFileInteractability: false, timeouts: {implicit: 0, pageLoad: 300000, script: 30000}, unhandledPromptBehavior: dismiss and notify, webauthn:extension:credBlob: true, webauthn:extension:largeBlob: true, webauthn:extension:minPinLength: true, webauthn:extension:prf: true, webauthn:virtualAuthenticators: true}
Session ID: eff033aa7077c6a29300cd0b97c1e33f
	at java.base/jdk.internal.reflect.DirectConstructorHandleAccessor.newInstance(DirectConstructorHandleAccessor.java:62)
	at java.base/java.lang.reflect.Constructor.newInstanceWithCaller(Constructor.java:502)
	at java.base/java.lang.reflect.Constructor.newInstance(Constructor.java:486)
	at org.openqa.selenium.remote.codec.w3c.W3CHttpResponseCodec.createException(W3CHttpResponseCodec.java:200)
	at org.openqa.selenium.remote.codec.w3c.W3CHttpResponseCodec.decode(W3CHttpResponseCodec.java:133)
	at org.openqa.selenium.remote.codec.w3c.W3CHttpResponseCodec.decode(W3CHttpResponseCodec.java:52)
	at org.openqa.selenium.remote.HttpCommandExecutor.execute(HttpCommandExecutor.java:191)
	at org.openqa.selenium.remote.service.DriverCommandExecutor.invokeExecute(DriverCommandExecutor.java:200)
	at org.openqa.selenium.remote.service.DriverCommandExecutor.execute(DriverCommandExecutor.java:175)
	at org.openqa.selenium.remote.RemoteWebDriver.execute(RemoteWebDriver.java:523)
	at org.openqa.selenium.remote.ElementLocation$ElementFinder$2.findElement(ElementLocation.java:165)
	at org.openqa.selenium.remote.ElementLocation.findElement(ElementLocation.java:59)
	at org.openqa.selenium.remote.RemoteWebDriver.findElement(RemoteWebDriver.java:360)
	at org.openqa.selenium.remote.RemoteWebDriver.findElement(RemoteWebDriver.java:354)
	at steps.VisaStepDefs.user_choose_the_visa_account_number(VisaStepDefs.java:74)
	at ✽.User choose the Visa Account Number(file:///C:/Users/91939/eclipse-workspace/RLL_Register/src/test/java/feature/Visapage.feature:6)
</textarea>
										</td>
									</tr>
									<tr>
										<td>Mar 22, 2024 03:19:22 pm</td>
										<td class='linked' test-id='121'>When Validating Reset button of Transfer between Accounts page</td>
										<td>
											<textarea disabled class="code-block">org.openqa.selenium.NoSuchElementException: no such element: Unable to locate element: {"method":"xpath","selector":"//select[@id='extAccount']"}
  (Session info: chrome=123.0.6312.58)
For documentation on this error, please visit: https://www.selenium.dev/documentation/webdriver/troubleshooting/errors#no-such-element-exception
Build info: version: '4.16.0', revision: '15400459dd*'
System info: os.name: 'Windows 11', os.arch: 'amd64', os.version: '10.0', java.version: '21.0.2'
Driver info: org.openqa.selenium.chrome.ChromeDriver
Command: [eff033aa7077c6a29300cd0b97c1e33f, findElement {using=xpath, value=//select[@id='extAccount']}]
Capabilities {acceptInsecureCerts: false, browserName: chrome, browserVersion: 123.0.6312.58, chrome: {chromedriverVersion: 123.0.6312.58 (6b4b19e9dfbb..., userDataDir: C:\Users\91939\AppData\Loca...}, fedcm:accounts: true, goog:chromeOptions: {debuggerAddress: localhost:62371}, networkConnectionEnabled: false, pageLoadStrategy: normal, platformName: windows, proxy: Proxy(), se:cdp: ws://localhost:62371/devtoo..., se:cdpVersion: 123.0.6312.58, setWindowRect: true, strictFileInteractability: false, timeouts: {implicit: 0, pageLoad: 300000, script: 30000}, unhandledPromptBehavior: dismiss and notify, webauthn:extension:credBlob: true, webauthn:extension:largeBlob: true, webauthn:extension:minPinLength: true, webauthn:extension:prf: true, webauthn:virtualAuthenticators: true}
Session ID: eff033aa7077c6a29300cd0b97c1e33f
	at java.base/jdk.internal.reflect.DirectConstructorHandleAccessor.newInstance(DirectConstructorHandleAccessor.java:62)
	at java.base/java.lang.reflect.Constructor.newInstanceWithCaller(Constructor.java:502)
	at java.base/java.lang.reflect.Constructor.newInstance(Constructor.java:486)
	at org.openqa.selenium.remote.codec.w3c.W3CHttpResponseCodec.createException(W3CHttpResponseCodec.java:200)
	at org.openqa.selenium.remote.codec.w3c.W3CHttpResponseCodec.decode(W3CHttpResponseCodec.java:133)
	at org.openqa.selenium.remote.codec.w3c.W3CHttpResponseCodec.decode(W3CHttpResponseCodec.java:52)
	at org.openqa.selenium.remote.HttpCommandExecutor.execute(HttpCommandExecutor.java:191)
	at org.openqa.selenium.remote.service.DriverCommandExecutor.invokeExecute(DriverCommandExecutor.java:200)
	at org.openqa.selenium.remote.service.DriverCommandExecutor.execute(DriverCommandExecutor.java:175)
	at org.openqa.selenium.remote.RemoteWebDriver.execute(RemoteWebDriver.java:523)
	at org.openqa.selenium.remote.ElementLocation$ElementFinder$2.findElement(ElementLocation.java:165)
	at org.openqa.selenium.remote.ElementLocation.findElement(ElementLocation.java:59)
	at org.openqa.selenium.remote.RemoteWebDriver.findElement(RemoteWebDriver.java:360)
	at org.openqa.selenium.remote.RemoteWebDriver.findElement(RemoteWebDriver.java:354)
	at steps.VisaStepDefs.user_choose_the_visa_account_number(VisaStepDefs.java:74)
	at ✽.User choose the Visa Account Number(file:///C:/Users/91939/eclipse-workspace/RLL_Register/src/test/java/feature/Visapage.feature:6)
</textarea>
										</td>
									</tr>
								</tbody>
							</table>
						</div>
					</div>
				</li>
				<li class='exception displayed active'>
					<div class='exception-heading'>
						<span class='exception-name'>org.openqa.selenium.ElementNotInteractableException</span>
						<span class='exception-count right'><span class='label red lighten-1 white-text'>3</span></span>
					</div>
					<div class='exception-content hide'>
						<div class='exception-tests'>
							<table class='bordered table-results'>
								<thead>
									<tr>
										<th>Timestamp</th>
										<th>TestName</th>
										<th>StackTrace</th>
									</tr>
								</thead>
								<tbody>
									<tr>
										<td>Mar 22, 2024 03:17:41 pm</td>
										<td class='linked' test-id='79'>Then User fills the details of next page and fills details</td>
										<td>
											<textarea disabled class="code-block">org.openqa.selenium.ElementNotInteractableException: element not interactable
  (Session info: chrome=123.0.6312.58)
Build info: version: '4.16.0', revision: '15400459dd*'
System info: os.name: 'Windows 11', os.arch: 'amd64', os.version: '10.0', java.version: '21.0.2'
Driver info: org.openqa.selenium.chrome.ChromeDriver
Command: [918e188758ec891fb469e1a6fc1ff39e, sendKeysToElement {id=f.099389D7B3AB960CA12AC21B726BC365.d.99267E0CA4241D87485E2678B1350239.e.101, value=[Ljava.lang.CharSequence;@52657d5f}]
Capabilities {acceptInsecureCerts: false, browserName: chrome, browserVersion: 123.0.6312.58, chrome: {chromedriverVersion: 123.0.6312.58 (6b4b19e9dfbb..., userDataDir: C:\Users\91939\AppData\Loca...}, fedcm:accounts: true, goog:chromeOptions: {debuggerAddress: localhost:62613}, networkConnectionEnabled: false, pageLoadStrategy: normal, platformName: windows, proxy: Proxy(), se:cdp: ws://localhost:62613/devtoo..., se:cdpVersion: 123.0.6312.58, setWindowRect: true, strictFileInteractability: false, timeouts: {implicit: 0, pageLoad: 300000, script: 30000}, unhandledPromptBehavior: dismiss and notify, webauthn:extension:credBlob: true, webauthn:extension:largeBlob: true, webauthn:extension:minPinLength: true, webauthn:extension:prf: true, webauthn:virtualAuthenticators: true}
Element: [[ChromeDriver: chrome on windows (918e188758ec891fb469e1a6fc1ff39e)] -> xpath: //input[@id='address']]
Session ID: 918e188758ec891fb469e1a6fc1ff39e
	at java.base/jdk.internal.reflect.DirectConstructorHandleAccessor.newInstance(DirectConstructorHandleAccessor.java:62)
	at java.base/java.lang.reflect.Constructor.newInstanceWithCaller(Constructor.java:502)
	at java.base/java.lang.reflect.Constructor.newInstance(Constructor.java:486)
	at org.openqa.selenium.remote.codec.w3c.W3CHttpResponseCodec.createException(W3CHttpResponseCodec.java:200)
	at org.openqa.selenium.remote.codec.w3c.W3CHttpResponseCodec.decode(W3CHttpResponseCodec.java:133)
	at org.openqa.selenium.remote.codec.w3c.W3CHttpResponseCodec.decode(W3CHttpResponseCodec.java:52)
	at org.openqa.selenium.remote.HttpCommandExecutor.execute(HttpCommandExecutor.java:191)
	at org.openqa.selenium.remote.service.DriverCommandExecutor.invokeExecute(DriverCommandExecutor.java:200)
	at org.openqa.selenium.remote.service.DriverCommandExecutor.execute(DriverCommandExecutor.java:175)
	at org.openqa.selenium.remote.RemoteWebDriver.execute(RemoteWebDriver.java:523)
	at org.openqa.selenium.remote.RemoteWebElement.execute(RemoteWebElement.java:224)
	at org.openqa.selenium.remote.RemoteWebElement.sendKeys(RemoteWebElement.java:111)
	at java.base/jdk.internal.reflect.DirectMethodHandleAccessor.invoke(DirectMethodHandleAccessor.java:103)
	at java.base/java.lang.reflect.Method.invoke(Method.java:580)
	at org.openqa.selenium.support.pagefactory.internal.LocatingElementHandler.invoke(LocatingElementHandler.java:51)
	at jdk.proxy2/jdk.proxy2.$Proxy29.sendKeys(Unknown Source)
	at pages.registerpagefactory.nextpage(registerpagefactory.java:107)
	at steps.signup.Details(signup.java:80)
	at ✽.User fills the details of next page and fills details(file:///C:/Users/91939/eclipse-workspace/RLL_Register/src/test/java/feature/registersignup.feature:6)
</textarea>
										</td>
									</tr>
									<tr>
										<td>Mar 22, 2024 03:17:57 pm</td>
										<td class='linked' test-id='86'>Then User fills the details of next page and fills details</td>
										<td>
											<textarea disabled class="code-block">org.openqa.selenium.ElementNotInteractableException: element not interactable
  (Session info: chrome=123.0.6312.58)
Build info: version: '4.16.0', revision: '15400459dd*'
System info: os.name: 'Windows 11', os.arch: 'amd64', os.version: '10.0', java.version: '21.0.2'
Driver info: org.openqa.selenium.chrome.ChromeDriver
Command: [918e188758ec891fb469e1a6fc1ff39e, sendKeysToElement {id=f.099389D7B3AB960CA12AC21B726BC365.d.99267E0CA4241D87485E2678B1350239.e.101, value=[Ljava.lang.CharSequence;@52657d5f}]
Capabilities {acceptInsecureCerts: false, browserName: chrome, browserVersion: 123.0.6312.58, chrome: {chromedriverVersion: 123.0.6312.58 (6b4b19e9dfbb..., userDataDir: C:\Users\91939\AppData\Loca...}, fedcm:accounts: true, goog:chromeOptions: {debuggerAddress: localhost:62613}, networkConnectionEnabled: false, pageLoadStrategy: normal, platformName: windows, proxy: Proxy(), se:cdp: ws://localhost:62613/devtoo..., se:cdpVersion: 123.0.6312.58, setWindowRect: true, strictFileInteractability: false, timeouts: {implicit: 0, pageLoad: 300000, script: 30000}, unhandledPromptBehavior: dismiss and notify, webauthn:extension:credBlob: true, webauthn:extension:largeBlob: true, webauthn:extension:minPinLength: true, webauthn:extension:prf: true, webauthn:virtualAuthenticators: true}
Element: [[ChromeDriver: chrome on windows (918e188758ec891fb469e1a6fc1ff39e)] -> xpath: //input[@id='address']]
Session ID: 918e188758ec891fb469e1a6fc1ff39e
	at java.base/jdk.internal.reflect.DirectConstructorHandleAccessor.newInstance(DirectConstructorHandleAccessor.java:62)
	at java.base/java.lang.reflect.Constructor.newInstanceWithCaller(Constructor.java:502)
	at java.base/java.lang.reflect.Constructor.newInstance(Constructor.java:486)
	at org.openqa.selenium.remote.codec.w3c.W3CHttpResponseCodec.createException(W3CHttpResponseCodec.java:200)
	at org.openqa.selenium.remote.codec.w3c.W3CHttpResponseCodec.decode(W3CHttpResponseCodec.java:133)
	at org.openqa.selenium.remote.codec.w3c.W3CHttpResponseCodec.decode(W3CHttpResponseCodec.java:52)
	at org.openqa.selenium.remote.HttpCommandExecutor.execute(HttpCommandExecutor.java:191)
	at org.openqa.selenium.remote.service.DriverCommandExecutor.invokeExecute(DriverCommandExecutor.java:200)
	at org.openqa.selenium.remote.service.DriverCommandExecutor.execute(DriverCommandExecutor.java:175)
	at org.openqa.selenium.remote.RemoteWebDriver.execute(RemoteWebDriver.java:523)
	at org.openqa.selenium.remote.RemoteWebElement.execute(RemoteWebElement.java:224)
	at org.openqa.selenium.remote.RemoteWebElement.sendKeys(RemoteWebElement.java:111)
	at java.base/jdk.internal.reflect.DirectMethodHandleAccessor.invoke(DirectMethodHandleAccessor.java:103)
	at java.base/java.lang.reflect.Method.invoke(Method.java:580)
	at org.openqa.selenium.support.pagefactory.internal.LocatingElementHandler.invoke(LocatingElementHandler.java:51)
	at jdk.proxy2/jdk.proxy2.$Proxy29.sendKeys(Unknown Source)
	at pages.registerpagefactory.nextpage(registerpagefactory.java:107)
	at steps.signup.Details(signup.java:80)
	at ✽.User fills the details of next page and fills details(file:///C:/Users/91939/eclipse-workspace/RLL_Register/src/test/java/feature/registersignup.feature:6)
</textarea>
										</td>
									</tr>
									<tr>
										<td>Mar 22, 2024 03:18:12 pm</td>
										<td class='linked' test-id='93'>Then User fills the details of next page and fills details</td>
										<td>
											<textarea disabled class="code-block">org.openqa.selenium.ElementNotInteractableException: element not interactable
  (Session info: chrome=123.0.6312.58)
Build info: version: '4.16.0', revision: '15400459dd*'
System info: os.name: 'Windows 11', os.arch: 'amd64', os.version: '10.0', java.version: '21.0.2'
Driver info: org.openqa.selenium.chrome.ChromeDriver
Command: [918e188758ec891fb469e1a6fc1ff39e, sendKeysToElement {id=f.099389D7B3AB960CA12AC21B726BC365.d.99267E0CA4241D87485E2678B1350239.e.101, value=[Ljava.lang.CharSequence;@52657d5f}]
Capabilities {acceptInsecureCerts: false, browserName: chrome, browserVersion: 123.0.6312.58, chrome: {chromedriverVersion: 123.0.6312.58 (6b4b19e9dfbb..., userDataDir: C:\Users\91939\AppData\Loca...}, fedcm:accounts: true, goog:chromeOptions: {debuggerAddress: localhost:62613}, networkConnectionEnabled: false, pageLoadStrategy: normal, platformName: windows, proxy: Proxy(), se:cdp: ws://localhost:62613/devtoo..., se:cdpVersion: 123.0.6312.58, setWindowRect: true, strictFileInteractability: false, timeouts: {implicit: 0, pageLoad: 300000, script: 30000}, unhandledPromptBehavior: dismiss and notify, webauthn:extension:credBlob: true, webauthn:extension:largeBlob: true, webauthn:extension:minPinLength: true, webauthn:extension:prf: true, webauthn:virtualAuthenticators: true}
Element: [[ChromeDriver: chrome on windows (918e188758ec891fb469e1a6fc1ff39e)] -> xpath: //input[@id='address']]
Session ID: 918e188758ec891fb469e1a6fc1ff39e
	at java.base/jdk.internal.reflect.DirectConstructorHandleAccessor.newInstance(DirectConstructorHandleAccessor.java:62)
	at java.base/java.lang.reflect.Constructor.newInstanceWithCaller(Constructor.java:502)
	at java.base/java.lang.reflect.Constructor.newInstance(Constructor.java:486)
	at org.openqa.selenium.remote.codec.w3c.W3CHttpResponseCodec.createException(W3CHttpResponseCodec.java:200)
	at org.openqa.selenium.remote.codec.w3c.W3CHttpResponseCodec.decode(W3CHttpResponseCodec.java:133)
	at org.openqa.selenium.remote.codec.w3c.W3CHttpResponseCodec.decode(W3CHttpResponseCodec.java:52)
	at org.openqa.selenium.remote.HttpCommandExecutor.execute(HttpCommandExecutor.java:191)
	at org.openqa.selenium.remote.service.DriverCommandExecutor.invokeExecute(DriverCommandExecutor.java:200)
	at org.openqa.selenium.remote.service.DriverCommandExecutor.execute(DriverCommandExecutor.java:175)
	at org.openqa.selenium.remote.RemoteWebDriver.execute(RemoteWebDriver.java:523)
	at org.openqa.selenium.remote.RemoteWebElement.execute(RemoteWebElement.java:224)
	at org.openqa.selenium.remote.RemoteWebElement.sendKeys(RemoteWebElement.java:111)
	at java.base/jdk.internal.reflect.DirectMethodHandleAccessor.invoke(DirectMethodHandleAccessor.java:103)
	at java.base/java.lang.reflect.Method.invoke(Method.java:580)
	at org.openqa.selenium.support.pagefactory.internal.LocatingElementHandler.invoke(LocatingElementHandler.java:51)
	at jdk.proxy2/jdk.proxy2.$Proxy29.sendKeys(Unknown Source)
	at pages.registerpagefactory.nextpage(registerpagefactory.java:107)
	at steps.signup.Details(signup.java:80)
	at ✽.User fills the details of next page and fills details(file:///C:/Users/91939/eclipse-workspace/RLL_Register/src/test/java/feature/registersignup.feature:6)
</textarea>
										</td>
									</tr>
								</tbody>
							</table>
						</div>
					</div>
				</li>
			</ul>
		</div>
	</div>
	<div class='subview-right left'>
		<div class='view-summary'>
			<h5 class='exception-name'></h5>
		</div>
	</div>
</div>
<!-- exception view --><div id='dashboard-view' class='view hide'>
	<div class='card-panel transparent np-v'>
		<h5>Dashboard</h5>

		<div class='row'>
			<div class='col s2'>
				<div class='card-panel r'>
					Features
					<div class='panel-lead'>8</div>
				</div>
			</div>
			<div class='col s2'>
				<div class='card-panel r'>
					Scenarios
					<div class='panel-lead'>16</div>
				</div>
			</div>
			<div class='col s2'>
				<div class='card-panel r'>
					Steps
					<div class='panel-lead'>85</div>
				</div>
			</div>
			<div class='col s2'>
				<div class='card-panel r'>
					Start
					<div class='panel-lead'>Mar 22, 2024 03:15:07 pm</div>
				</div>
			</div>
			<div class='col s2'>
				<div class='card-panel r'>
			 		End
			 		<div class='panel-lead'>Mar 22, 2024 03:20:14 pm</div>
				</div>
			</div>
			<div class='col s2'>
				<div class='card-panel r'>
					Time Taken
					<div class='panel-lead'>00 05 07.366</div>
				</div>
			</div>
			<div class='col s4'>
				<div class='card-panel dashboard-environment'>
					<span class='right label cyan white-text'>Environment</span><p>&nbsp;</p>
					
					<table>
						<tr>
							<th>Name</th>
							<th>Value</th>
						</tr>
							<tr>
								<td>version</td>
								<td>11</td>
							</tr>
							<tr>
								<td>os</td>
								<td>windows</td>
							</tr>
					</table>
				</div>
			</div>
		</div>
	</div>
</div>
<!-- dashboard view -->
		</div>
		<!-- container -->
		<script>
			var statusGroup = {
                parentCount: 8,
				passParent: 5,
				failParent: 3,
				fatalParent: 0,
				errorParent: 0,
				warningParent: 0,
				skipParent: 0,
				childCount: 16,
				passChild: 9,
				failChild: 7,
				fatalChild: 0,
				errorChild: 0,
				warningChild: 0,
				skipChild: 0,
				infoChild: 0,
				grandChildCount: 85,
				passGrandChild: 70,
				failGrandChild: 7,
				fatalGrandChild: 0,
				errorGrandChild: 0,
				warningGrandChild: 0,
				skipGrandChild: 8,
				infoGrandChild: 0,
			};
			</script>
		
		<script>
			var timeline = {
			        "Testing dbankdemo Deposit into Account feature":28.765,"Testing dbankdemo Visa Page":55.402,"Search by TRN no. on the View Checking Accounts":15.824,"User Login":37.257,"Testing Bankdemo login page":73.188,"Search by TRN no. on the View Savings Accounts":26.705,"Testing dbankdemo Transfer between Accounts feature":43.471,"withdraw":25.5
			};
		</script>
		
		  <script src='http://cdn.jsdelivr.net/gh/extent-framework/extent-github-cdn@ff53917fbbdb5ef820abbbe4d199a6942dc771ff/v3html/js/extent.js' type='text/javascript'></script>
		
		
		<script type='text/javascript'>
				
		</script> 

	</body>
</html>