<html>
<head>
<title>TestNG:  Default test</title>
<link href="../testng.css" rel="stylesheet" type="text/css" />
<link href="../my-testng.css" rel="stylesheet" type="text/css" />

<style type="text/css">
.log { display: none;} 
.stack-trace { display: none;} 
</style>
<script type="text/javascript">
<!--
function flip(e) {
  current = e.style.display;
  if (current == 'block') {
    e.style.display = 'none';
    return 0;
  }
  else {
    e.style.display = 'block';
    return 1;
  }
}

function toggleBox(szDivId, elem, msg1, msg2)
{
  var res = -1;  if (document.getElementById) {
    res = flip(document.getElementById(szDivId));
  }
  else if (document.all) {
    // this is the way old msie versions work
    res = flip(document.all[szDivId]);
  }
  if(elem) {
    if(res == 0) elem.innerHTML = msg1; else elem.innerHTML = msg2;
  }

}

function toggleAllBoxes() {
  if (document.getElementsByTagName) {
    d = document.getElementsByTagName('div');
    for (i = 0; i < d.length; i++) {
      if (d[i].className == 'log') {
        flip(d[i]);
      }
    }
  }
}

// -->
</script>

</head>
<body>
<h2 align='center'>Default test</h2><table border='1' align="center">
<tr>
<td>Tests passed/Failed/Skipped:</td><td>6/5/0</td>
</tr><tr>
<td>Started on:</td><td>Wed Mar 27 08:35:39 IST 2024</td>
</tr>
<tr><td>Total time:</td><td>330 seconds (330399 ms)</td>
</tr><tr>
<td>Included groups:</td><td></td>
</tr><tr>
<td>Excluded groups:</td><td></td>
</tr>
</table><p/>
<small><i>(Hover the method name to see the test class name)</i></small><p/>
<table width='100%' border='1' class='invocation-failed'>
<tr><td colspan='4' align='center'><b>FAILED TESTS</b></td></tr>
<tr><td><b>Test method</b></td>
<td><b>Attribute(s)</b></td>
<td width="30%"><b>Exception</b></td>
<td width="10%"><b>Time (seconds)</b></td>
<td><b>Instance</b></td>
</tr>
<tr>
<td title='runner.testngrunner.runScenario()'><b>runScenario</b><br>Test class: runner.testngrunner<br>Test method: Runs Cucumber Scenarios<br>Parameters: "User Should open dbankdemo Visa Trasfer", "Testing dbankdemo Visa Page"</td>
<td><div><pre>org.openqa.selenium.NoSuchElementException: no such element: Unable to locate element: {&quot;method&quot;:&quot;xpath&quot;,&quot;selector&quot;:&quot;//select[@id=&apos;extAccount&apos;]&quot;}
  (Session info: chrome=123.0.6312.60)
For documentation on this error, please visit: https://www.selenium.dev/documentation/webdriver/troubleshooting/errors#no-such-element-exception
Build info: version: &apos;4.16.0&apos;, revision: &apos;15400459dd*&apos;
System info: os.name: &apos;Windows 11&apos;, os.arch: &apos;amd64&apos;, os.version: &apos;10.0&apos;, java.version: &apos;21.0.2&apos;
Driver info: org.openqa.selenium.chrome.ChromeDriver
Command: [17a1077377a8dc284c73b0d6381bbbe7, findElement {using=xpath, value=//select[@id=&apos;extAccount&apos;]}]
Capabilities {acceptInsecureCerts: false, browserName: chrome, browserVersion: 123.0.6312.60, chrome: {chromedriverVersion: 123.0.6312.86 (9b72c47a0536..., userDataDir: C:\Users\91939\AppData\Loca...}, fedcm:accounts: true, goog:chromeOptions: {debuggerAddress: localhost:55932}, networkConnectionEnabled: false, pageLoadStrategy: normal, platformName: windows, proxy: Proxy(), se:cdp: ws://localhost:55932/devtoo..., se:cdpVersion: 123.0.6312.60, setWindowRect: true, strictFileInteractability: false, timeouts: {implicit: 0, pageLoad: 300000, script: 30000}, unhandledPromptBehavior: dismiss and notify, webauthn:extension:credBlob: true, webauthn:extension:largeBlob: true, webauthn:extension:minPinLength: true, webauthn:extension:prf: true, webauthn:virtualAuthenticators: true}
Session ID: 17a1077377a8dc284c73b0d6381bbbe7
	at java.base/jdk.internal.reflect.DirectConstructorHandleAccessor.newInstance(DirectConstructorHandleAccessor.java:62)
	at java.base/java.lang.reflect.Constructor.newInstanceWithCaller(Constructor.java:502)
	at java.base/java.lang.reflect.Constructor.newInstance(Constructor.java:486)
	at org.openqa.selenium.remote.codec.w3c.W3CHttpResponseCodec.createException(W3CHttpResponseCodec.java:200)
	at org.openqa.selenium.remote.codec.w3c.W3CHttpResponseCodec.decode(W3CHttpResponseCodec.java:133)
	at org.openqa.selenium.remote.codec.w3c.W3CHttpResponseCodec.decode(W3CHttpResponseCodec.java:52)
	at org.openqa.selenium.remote.HttpCommandExecutor.execute(HttpCommandExecutor.java:191)
	at org.openqa.selenium.remote.service.DriverCommandExecutor.invokeExecute(DriverCommandExecutor.java:200)
	at org.openqa.selenium.remote.service.DriverCommandExecutor.execute(DriverCommandExecutor.java:175)
	at org.openqa.selenium.remote.RemoteWebDriver.execute(RemoteWebDriver.java:523)
	at org.openqa.selenium.remote.ElementLocation$ElementFinder$2.findElement(ElementLocation.java:165)
	at org.openqa.selenium.remote.ElementLocation.findElement(ElementLocation.java:59)
	at org.openqa.selenium.remote.RemoteWebDriver.findElement(RemoteWebDriver.java:360)
	at org.openqa.selenium.remote.RemoteWebDriver.findElement(RemoteWebDriver.java:354)
	at steps.VisaStepDefs.user_choose_the_visa_account_number(VisaStepDefs.java:77)
	at ✽.User choose the Visa Account Number with Zero(file:///C:/Users/91939/eclipse-workspace/RLL_Register/src/test/java/feature/F_Visapage.feature:6)
</pre></div><a href='#' onClick='toggleBox("stack-trace1126522769", this, "Click to show all stack frames", "Click to hide stack frames")'>Click to show all stack frames</a>
<div class='stack-trace' id='stack-trace1126522769'><pre>org.openqa.selenium.NoSuchElementException: no such element: Unable to locate element: {&quot;method&quot;:&quot;xpath&quot;,&quot;selector&quot;:&quot;//select[@id=&apos;extAccount&apos;]&quot;}
  (Session info: chrome=123.0.6312.60)
For documentation on this error, please visit: https://www.selenium.dev/documentation/webdriver/troubleshooting/errors#no-such-element-exception
Build info: version: &apos;4.16.0&apos;, revision: &apos;15400459dd*&apos;
System info: os.name: &apos;Windows 11&apos;, os.arch: &apos;amd64&apos;, os.version: &apos;10.0&apos;, java.version: &apos;21.0.2&apos;
Driver info: org.openqa.selenium.chrome.ChromeDriver
Command: [17a1077377a8dc284c73b0d6381bbbe7, findElement {using=xpath, value=//select[@id=&apos;extAccount&apos;]}]
Capabilities {acceptInsecureCerts: false, browserName: chrome, browserVersion: 123.0.6312.60, chrome: {chromedriverVersion: 123.0.6312.86 (9b72c47a0536..., userDataDir: C:\Users\91939\AppData\Loca...}, fedcm:accounts: true, goog:chromeOptions: {debuggerAddress: localhost:55932}, networkConnectionEnabled: false, pageLoadStrategy: normal, platformName: windows, proxy: Proxy(), se:cdp: ws://localhost:55932/devtoo..., se:cdpVersion: 123.0.6312.60, setWindowRect: true, strictFileInteractability: false, timeouts: {implicit: 0, pageLoad: 300000, script: 30000}, unhandledPromptBehavior: dismiss and notify, webauthn:extension:credBlob: true, webauthn:extension:largeBlob: true, webauthn:extension:minPinLength: true, webauthn:extension:prf: true, webauthn:virtualAuthenticators: true}
Session ID: 17a1077377a8dc284c73b0d6381bbbe7
	at java.base/jdk.internal.reflect.DirectConstructorHandleAccessor.newInstance(DirectConstructorHandleAccessor.java:62)
	at java.base/java.lang.reflect.Constructor.newInstanceWithCaller(Constructor.java:502)
	at java.base/java.lang.reflect.Constructor.newInstance(Constructor.java:486)
	at org.openqa.selenium.remote.codec.w3c.W3CHttpResponseCodec.createException(W3CHttpResponseCodec.java:200)
	at org.openqa.selenium.remote.codec.w3c.W3CHttpResponseCodec.decode(W3CHttpResponseCodec.java:133)
	at org.openqa.selenium.remote.codec.w3c.W3CHttpResponseCodec.decode(W3CHttpResponseCodec.java:52)
	at org.openqa.selenium.remote.HttpCommandExecutor.execute(HttpCommandExecutor.java:191)
	at org.openqa.selenium.remote.service.DriverCommandExecutor.invokeExecute(DriverCommandExecutor.java:200)
	at org.openqa.selenium.remote.service.DriverCommandExecutor.execute(DriverCommandExecutor.java:175)
	at org.openqa.selenium.remote.RemoteWebDriver.execute(RemoteWebDriver.java:523)
	at org.openqa.selenium.remote.ElementLocation$ElementFinder$2.findElement(ElementLocation.java:165)
	at org.openqa.selenium.remote.ElementLocation.findElement(ElementLocation.java:59)
	at org.openqa.selenium.remote.RemoteWebDriver.findElement(RemoteWebDriver.java:360)
	at org.openqa.selenium.remote.RemoteWebDriver.findElement(RemoteWebDriver.java:354)
	at steps.VisaStepDefs.user_choose_the_visa_account_number(VisaStepDefs.java:77)
	at ✽.User choose the Visa Account Number with Zero(file:///C:/Users/91939/eclipse-workspace/RLL_Register/src/test/java/feature/F_Visapage.feature:6)
</pre></div></td>
<td>19</td>
<td>runner.testngrunner@65d09a04</td></tr>
<tr>
<td title='runner.testngrunner.runScenario()'><b>runScenario</b><br>Test class: runner.testngrunner<br>Test method: Runs Cucumber Scenarios<br>Parameters: "User should open BankDemo login page on ChromeBrowser and he register", "Testing Bankdemo login page"</td>
<td><div><pre>org.openqa.selenium.ElementNotInteractableException: element not interactable
  (Session info: chrome=123.0.6312.60)
Build info: version: &apos;4.16.0&apos;, revision: &apos;15400459dd*&apos;
System info: os.name: &apos;Windows 11&apos;, os.arch: &apos;amd64&apos;, os.version: &apos;10.0&apos;, java.version: &apos;21.0.2&apos;
Driver info: org.openqa.selenium.chrome.ChromeDriver
Command: [731d857272a0218fcc9a323cfedd970a, sendKeysToElement {id=f.BFD449E38889C0AB4307D2A43DD82D3D.d.45C8EFF2DCB483703F9FD08DD05761E0.e.102, value=[Ljava.lang.CharSequence;@611d0763}]
Capabilities {acceptInsecureCerts: false, browserName: chrome, browserVersion: 123.0.6312.60, chrome: {chromedriverVersion: 123.0.6312.86 (9b72c47a0536..., userDataDir: C:\Users\91939\AppData\Loca...}, fedcm:accounts: true, goog:chromeOptions: {debuggerAddress: localhost:55349}, networkConnectionEnabled: false, pageLoadStrategy: normal, platformName: windows, proxy: Proxy(), se:cdp: ws://localhost:55349/devtoo..., se:cdpVersion: 123.0.6312.60, setWindowRect: true, strictFileInteractability: false, timeouts: {implicit: 0, pageLoad: 300000, script: 30000}, unhandledPromptBehavior: dismiss and notify, webauthn:extension:credBlob: true, webauthn:extension:largeBlob: true, webauthn:extension:minPinLength: true, webauthn:extension:prf: true, webauthn:virtualAuthenticators: true}
Element: [[ChromeDriver: chrome on windows (731d857272a0218fcc9a323cfedd970a)] -&gt; xpath: //input[@id=&apos;address&apos;]]
Session ID: 731d857272a0218fcc9a323cfedd970a
	at java.base/jdk.internal.reflect.DirectConstructorHandleAccessor.newInstance(DirectConstructorHandleAccessor.java:62)
	at java.base/java.lang.reflect.Constructor.newInstanceWithCaller(Constructor.java:502)
	at java.base/java.lang.reflect.Constructor.newInstance(Constructor.java:486)
	at org.openqa.selenium.remote.codec.w3c.W3CHttpResponseCodec.createException(W3CHttpResponseCodec.java:200)
	at org.openqa.selenium.remote.codec.w3c.W3CHttpResponseCodec.decode(W3CHttpResponseCodec.java:133)
	at org.openqa.selenium.remote.codec.w3c.W3CHttpResponseCodec.decode(W3CHttpResponseCodec.java:52)
	at org.openqa.selenium.remote.HttpCommandExecutor.execute(HttpCommandExecutor.java:191)
	at org.openqa.selenium.remote.service.DriverCommandExecutor.invokeExecute(DriverCommandExecutor.java:200)
	at org.openqa.selenium.remote.service.DriverCommandExecutor.execute(DriverCommandExecutor.java:175)
	at org.openqa.selenium.remote.RemoteWebDriver.execute(RemoteWebDriver.java:523)
	at org.openqa.selenium.remote.RemoteWebElement.execute(RemoteWebElement.java:224)
	at org.openqa.selenium.remote.RemoteWebElement.sendKeys(RemoteWebElement.java:111)
	at java.base/jdk.internal.reflect.DirectMethodHandleAccessor.invoke(DirectMethodHandleAccessor.java:103)
	at java.base/java.lang.reflect.Method.invoke(Method.java:580)
	at org.openqa.selenium.support.pagefactory.internal.LocatingElementHandler.invoke(LocatingElementHandler.java:51)
	at jdk.proxy2/jdk.proxy2.$Proxy30.sendKeys(Unknown Source)
	at pages.registerpagefactory.nextpagedetails(registerpagefactory.java:119)
	at steps.signup.Details(signup.java:131)
	at ✽.User fills the details of next page and fills details(file:///C:/Users/91939/eclipse-workspace/RLL_Register/src/test/java/feature/A_registersignup.feature:6)
</pre></div><a href='#' onClick='toggleBox("stack-trace1461347900", this, "Click to show all stack frames", "Click to hide stack frames")'>Click to show all stack frames</a>
<div class='stack-trace' id='stack-trace1461347900'><pre>org.openqa.selenium.ElementNotInteractableException: element not interactable
  (Session info: chrome=123.0.6312.60)
Build info: version: &apos;4.16.0&apos;, revision: &apos;15400459dd*&apos;
System info: os.name: &apos;Windows 11&apos;, os.arch: &apos;amd64&apos;, os.version: &apos;10.0&apos;, java.version: &apos;21.0.2&apos;
Driver info: org.openqa.selenium.chrome.ChromeDriver
Command: [731d857272a0218fcc9a323cfedd970a, sendKeysToElement {id=f.BFD449E38889C0AB4307D2A43DD82D3D.d.45C8EFF2DCB483703F9FD08DD05761E0.e.102, value=[Ljava.lang.CharSequence;@611d0763}]
Capabilities {acceptInsecureCerts: false, browserName: chrome, browserVersion: 123.0.6312.60, chrome: {chromedriverVersion: 123.0.6312.86 (9b72c47a0536..., userDataDir: C:\Users\91939\AppData\Loca...}, fedcm:accounts: true, goog:chromeOptions: {debuggerAddress: localhost:55349}, networkConnectionEnabled: false, pageLoadStrategy: normal, platformName: windows, proxy: Proxy(), se:cdp: ws://localhost:55349/devtoo..., se:cdpVersion: 123.0.6312.60, setWindowRect: true, strictFileInteractability: false, timeouts: {implicit: 0, pageLoad: 300000, script: 30000}, unhandledPromptBehavior: dismiss and notify, webauthn:extension:credBlob: true, webauthn:extension:largeBlob: true, webauthn:extension:minPinLength: true, webauthn:extension:prf: true, webauthn:virtualAuthenticators: true}
Element: [[ChromeDriver: chrome on windows (731d857272a0218fcc9a323cfedd970a)] -&gt; xpath: //input[@id=&apos;address&apos;]]
Session ID: 731d857272a0218fcc9a323cfedd970a
	at java.base/jdk.internal.reflect.DirectConstructorHandleAccessor.newInstance(DirectConstructorHandleAccessor.java:62)
	at java.base/java.lang.reflect.Constructor.newInstanceWithCaller(Constructor.java:502)
	at java.base/java.lang.reflect.Constructor.newInstance(Constructor.java:486)
	at org.openqa.selenium.remote.codec.w3c.W3CHttpResponseCodec.createException(W3CHttpResponseCodec.java:200)
	at org.openqa.selenium.remote.codec.w3c.W3CHttpResponseCodec.decode(W3CHttpResponseCodec.java:133)
	at org.openqa.selenium.remote.codec.w3c.W3CHttpResponseCodec.decode(W3CHttpResponseCodec.java:52)
	at org.openqa.selenium.remote.HttpCommandExecutor.execute(HttpCommandExecutor.java:191)
	at org.openqa.selenium.remote.service.DriverCommandExecutor.invokeExecute(DriverCommandExecutor.java:200)
	at org.openqa.selenium.remote.service.DriverCommandExecutor.execute(DriverCommandExecutor.java:175)
	at org.openqa.selenium.remote.RemoteWebDriver.execute(RemoteWebDriver.java:523)
	at org.openqa.selenium.remote.RemoteWebElement.execute(RemoteWebElement.java:224)
	at org.openqa.selenium.remote.RemoteWebElement.sendKeys(RemoteWebElement.java:111)
	at java.base/jdk.internal.reflect.DirectMethodHandleAccessor.invoke(DirectMethodHandleAccessor.java:103)
	at java.base/java.lang.reflect.Method.invoke(Method.java:580)
	at org.openqa.selenium.support.pagefactory.internal.LocatingElementHandler.invoke(LocatingElementHandler.java:51)
	at jdk.proxy2/jdk.proxy2.$Proxy30.sendKeys(Unknown Source)
	at pages.registerpagefactory.nextpagedetails(registerpagefactory.java:119)
	at steps.signup.Details(signup.java:131)
	at ✽.User fills the details of next page and fills details(file:///C:/Users/91939/eclipse-workspace/RLL_Register/src/test/java/feature/A_registersignup.feature:6)
</pre></div></td>
<td>50</td>
<td>runner.testngrunner@65d09a04</td></tr>
<tr>
<td title='runner.testngrunner.runScenario()'><b>runScenario</b><br>Test class: runner.testngrunner<br>Test method: Runs Cucumber Scenarios<br>Parameters: "User is unable to register the bankdemo page", "Testing Bankdemo login page"</td>
<td><div><pre>java.lang.AssertionError: expected [true] but found [false]
	at org.testng.Assert.fail(Assert.java:111)
	at org.testng.Assert.failNotEquals(Assert.java:1578)
	at org.testng.Assert.assertTrue(Assert.java:57)
	at org.testng.Assert.assertTrue(Assert.java:67)
	at steps.signup.user_fills_the_invalid_details_on_the_page(signup.java:193)
	at ✽.User fills the invalid details on the page(file:///C:/Users/91939/eclipse-workspace/RLL_Register/src/test/java/feature/A_registersignup.feature:12)
</pre></div><a href='#' onClick='toggleBox("stack-trace1528099970", this, "Click to show all stack frames", "Click to hide stack frames")'>Click to show all stack frames</a>
<div class='stack-trace' id='stack-trace1528099970'><pre>java.lang.AssertionError: expected [true] but found [false]
	at org.testng.Assert.fail(Assert.java:111)
	at org.testng.Assert.failNotEquals(Assert.java:1578)
	at org.testng.Assert.assertTrue(Assert.java:57)
	at org.testng.Assert.assertTrue(Assert.java:67)
	at steps.signup.user_fills_the_invalid_details_on_the_page(signup.java:193)
	at ✽.User fills the invalid details on the page(file:///C:/Users/91939/eclipse-workspace/RLL_Register/src/test/java/feature/A_registersignup.feature:12)
</pre></div></td>
<td>26</td>
<td>runner.testngrunner@65d09a04</td></tr>
<tr>
<td title='runner.testngrunner.runScenario()'><b>runScenario</b><br>Test class: runner.testngrunner<br>Test method: Runs Cucumber Scenarios<br>Parameters: "Login with invalid password", "User Login"</td>
<td><div><pre>java.lang.AssertionError: expected [true] but found [false]
	at org.testng.Assert.fail(Assert.java:111)
	at org.testng.Assert.failNotEquals(Assert.java:1578)
	at org.testng.Assert.assertTrue(Assert.java:57)
	at org.testng.Assert.assertTrue(Assert.java:67)
	at steps.loginsteps.i_click_the_login_button(loginsteps.java:115)
	at ✽.I click the login button(file:///C:/Users/91939/eclipse-workspace/RLL_Register/src/test/java/feature/B_login.feature:21)
</pre></div><a href='#' onClick='toggleBox("stack-trace589884531", this, "Click to show all stack frames", "Click to hide stack frames")'>Click to show all stack frames</a>
<div class='stack-trace' id='stack-trace589884531'><pre>java.lang.AssertionError: expected [true] but found [false]
	at org.testng.Assert.fail(Assert.java:111)
	at org.testng.Assert.failNotEquals(Assert.java:1578)
	at org.testng.Assert.assertTrue(Assert.java:57)
	at org.testng.Assert.assertTrue(Assert.java:67)
	at steps.loginsteps.i_click_the_login_button(loginsteps.java:115)
	at ✽.I click the login button(file:///C:/Users/91939/eclipse-workspace/RLL_Register/src/test/java/feature/B_login.feature:21)
</pre></div></td>
<td>21</td>
<td>runner.testngrunner@65d09a04</td></tr>
<tr>
<td title='runner.testngrunner.runScenario()'><b>runScenario</b><br>Test class: runner.testngrunner<br>Test method: Runs Cucumber Scenarios<br>Parameters: "Login with invalid username", "User Login"</td>
<td><div><pre>java.lang.AssertionError: expected [true] but found [false]
	at org.testng.Assert.fail(Assert.java:111)
	at org.testng.Assert.failNotEquals(Assert.java:1578)
	at org.testng.Assert.assertTrue(Assert.java:57)
	at org.testng.Assert.assertTrue(Assert.java:67)
	at steps.loginsteps.i_click_the_login_button(loginsteps.java:115)
	at ✽.I click the login button(file:///C:/Users/91939/eclipse-workspace/RLL_Register/src/test/java/feature/B_login.feature:15)
</pre></div><a href='#' onClick='toggleBox("stack-trace2115865921", this, "Click to show all stack frames", "Click to hide stack frames")'>Click to show all stack frames</a>
<div class='stack-trace' id='stack-trace2115865921'><pre>java.lang.AssertionError: expected [true] but found [false]
	at org.testng.Assert.fail(Assert.java:111)
	at org.testng.Assert.failNotEquals(Assert.java:1578)
	at org.testng.Assert.assertTrue(Assert.java:57)
	at org.testng.Assert.assertTrue(Assert.java:67)
	at steps.loginsteps.i_click_the_login_button(loginsteps.java:115)
	at ✽.I click the login button(file:///C:/Users/91939/eclipse-workspace/RLL_Register/src/test/java/feature/B_login.feature:15)
</pre></div></td>
<td>21</td>
<td>runner.testngrunner@65d09a04</td></tr>
</table><p>
<table width='100%' border='1' class='invocation-passed'>
<tr><td colspan='4' align='center'><b>PASSED TESTS</b></td></tr>
<tr><td><b>Test method</b></td>
<td><b>Attribute(s)</b></td>
<td width="30%"><b>Exception</b></td>
<td width="10%"><b>Time (seconds)</b></td>
<td><b>Instance</b></td>
</tr>
<tr>
<td title='runner.testngrunner.runScenario()'><b>runScenario</b><br>Test class: runner.testngrunner<br>Test method: Runs Cucumber Scenarios<br>Parameters: "Successful search by TRN no. on the View Checking Accounts", "Search by TRN no. on the View Checking Accounts"</td>
<td></td>
<td>25</td>
<td>runner.testngrunner@65d09a04</td></tr>
<tr>
<td title='runner.testngrunner.runScenario()'><b>runScenario</b><br>Test class: runner.testngrunner<br>Test method: Runs Cucumber Scenarios<br>Parameters: "Successful login", "User Login"</td>
<td></td>
<td>19</td>
<td>runner.testngrunner@65d09a04</td></tr>
<tr>
<td title='runner.testngrunner.runScenario()'><b>runScenario</b><br>Test class: runner.testngrunner<br>Test method: Runs Cucumber Scenarios<br>Parameters: "user perform withdraw Test", "withdraw"</td>
<td></td>
<td>38</td>
<td>runner.testngrunner@65d09a04</td></tr>
<tr>
<td title='runner.testngrunner.runScenario()'><b>runScenario</b><br>Test class: runner.testngrunner<br>Test method: Runs Cucumber Scenarios<br>Parameters: "Testing Transfer between Accounts", "Testing dbankdemo Transfer between Accounts feature"</td>
<td></td>
<td>35</td>
<td>runner.testngrunner@65d09a04</td></tr>
<tr>
<td title='runner.testngrunner.runScenario()'><b>runScenario</b><br>Test class: runner.testngrunner<br>Test method: Runs Cucumber Scenarios<br>Parameters: "Successful search by TRN no. on the View Savings Accounts", "Search by TRN no. on the View Savings Accounts"</td>
<td></td>
<td>28</td>
<td>runner.testngrunner@65d09a04</td></tr>
<tr>
<td title='runner.testngrunner.runScenario()'><b>runScenario</b><br>Test class: runner.testngrunner<br>Test method: Runs Cucumber Scenarios<br>Parameters: "Testing Deposit into Account", "Testing dbankdemo Deposit into Account feature"</td>
<td></td>
<td>35</td>
<td>runner.testngrunner@65d09a04</td></tr>
</table><p>
</body>
</html>